{"meta": {"format": 3, "version": "7.13.5", "timestamp": "2026-04-28T21:31:55.734470", "branch_coverage": false, "show_contexts": false}, "files": {"auth.py": {"executed_lines": [4, 5, 7, 8, 9, 10, 11, 13, 14, 16, 17, 20, 23, 25, 28, 30, 31, 39, 41, 44, 46, 47, 50, 52, 53, 54, 59, 61, 72, 74, 77, 86, 89, 92, 93, 95, 96, 102, 103, 110, 111, 118, 124], "summary": {"covered_lines": 43, "num_statements": 51, "percent_covered": 84.31372549019608, "percent_covered_display": "84", "missing_lines": 8, "excluded_lines": 0, "percent_statements_covered": 84.31372549019608, "percent_statements_covered_display": "84"}, "missing_lines": [35, 36, 42, 55, 56, 104, 112, 119], "excluded_lines": [], "functions": {"hash_password": {"executed_lines": [25], "summary": {"covered_lines": 1, "num_statements": 1, "percent_covered": 100.0, "percent_covered_display": "100", "missing_lines": 0, "excluded_lines": 0, "percent_statements_covered": 100.0, "percent_statements_covered_display": "100"}, "missing_lines": [], "excluded_lines": [], "start_line": 23}, "verify_password": {"executed_lines": [30, 31], "summary": {"covered_lines": 2, "num_statements": 4, "percent_covered": 50.0, "percent_covered_display": "50", "missing_lines": 2, "excluded_lines": 0, "percent_statements_covered": 50.0, "percent_statements_covered_display": "50"}, "missing_lines": [35, 36], "excluded_lines": [], "start_line": 28}, "create_access_token": {"executed_lines": [41, 44, 46, 47], "summary": {"covered_lines": 4, "num_statements": 5, "percent_covered": 80.0, "percent_covered_display": "80", "missing_lines": 1, "excluded_lines": 0, "percent_statements_covered": 80.0, "percent_statements_covered_display": "80"}, "missing_lines": [42], "excluded_lines": [], "start_line": 39}, "decode_token": {"executed_lines": [52, 53, 54], "summary": {"covered_lines": 3, "num_statements": 5, "percent_covered": 60.0, "percent_covered_display": "60", "missing_lines": 2, "excluded_lines": 0, "percent_statements_covered": 60.0, "percent_statements_covered_display": "60"}, "missing_lines": [55, 56], "excluded_lines": [], "start_line": 50}, "set_auth_cookie": {"executed_lines": [61], "summary": {"covered_lines": 1, "num_statements": 1, "percent_covered": 100.0, "percent_covered_display": "100", "missing_lines": 0, "excluded_lines": 0, "percent_statements_covered": 100.0, "percent_statements_covered_display": "100"}, "missing_lines": [], "excluded_lines": [], "start_line": 59}, "clear_auth_cookie": {"executed_lines": [74], "summary": {"covered_lines": 1, "num_statements": 1, "percent_covered": 100.0, "percent_covered_display": "100", "missing_lines": 0, "excluded_lines": 0, "percent_statements_covered": 100.0, "percent_statements_covered_display": "100"}, "missing_lines": [], "excluded_lines": [], "start_line": 72}, "get_current_user": {"executed_lines": [86, 89, 92, 93, 95, 96, 102, 103, 110, 111, 118, 124], "summary": {"covered_lines": 12, "num_statements": 15, "percent_covered": 80.0, "percent_covered_display": "80", "missing_lines": 3, "excluded_lines": 0, "percent_statements_covered": 80.0, "percent_statements_covered_display": "80"}, "missing_lines": [104, 112, 119], "excluded_lines": [], "start_line": 77}, "": {"executed_lines": [4, 5, 7, 8, 9, 10, 11, 13, 14, 16, 17, 20, 23, 28, 39, 50, 59, 72, 77], "summary": {"covered_lines": 19, "num_statements": 19, "percent_covered": 100.0, "percent_covered_display": "100", "missing_lines": 0, "excluded_lines": 0, "percent_statements_covered": 100.0, "percent_statements_covered_display": "100"}, "missing_lines": [], "excluded_lines": [], "start_line": 1}}, "classes": {"": {"executed_lines": [4, 5, 7, 8, 9, 10, 11, 13, 14, 16, 17, 20, 23, 25, 28, 30, 31, 39, 41, 44, 46, 47, 50, 52, 53, 54, 59, 61, 72, 74, 77, 86, 89, 92, 93, 95, 96, 102, 103, 110, 111, 118, 124], "summary": {"covered_lines": 43, "num_statements": 51, "percent_covered": 84.31372549019608, "percent_covered_display": "84", "missing_lines": 8, "excluded_lines": 0, "percent_statements_covered": 84.31372549019608, "percent_statements_covered_display": "84"}, "missing_lines": [35, 36, 42, 55, 56, 104, 112, 119], "excluded_lines": [], "start_line": 1}}}, "config.py": {"executed_lines": [5, 6, 7, 10, 12, 15, 18, 25, 28, 29, 31, 32, 34, 35, 41, 44, 47, 51], "summary": {"covered_lines": 18, "num_statements": 21, "percent_covered": 85.71428571428571, "percent_covered_display": "86", "missing_lines": 3, "excluded_lines": 0, "percent_statements_covered": 85.71428571428571, "percent_statements_covered_display": "86"}, "missing_lines": [36, 37, 38], "excluded_lines": [], "functions": {"Settings.effective_jwt_secret": {"executed_lines": [34, 35], "summary": {"covered_lines": 2, "num_statements": 5, "percent_covered": 40.0, "percent_covered_display": "40", "missing_lines": 3, "excluded_lines": 0, "percent_statements_covered": 40.0, "percent_statements_covered_display": "40"}, "missing_lines": [36, 37, 38], "excluded_lines": [], "start_line": 32}, "": {"executed_lines": [5, 6, 7, 10, 12, 15, 18, 25, 28, 29, 31, 32, 41, 44, 47, 51], "summary": {"covered_lines": 16, "num_statements": 16, "percent_covered": 100.0, "percent_covered_display": "100", "missing_lines": 0, "excluded_lines": 0, "percent_statements_covered": 100.0, "percent_statements_covered_display": "100"}, "missing_lines": [], "excluded_lines": [], "start_line": 1}}, "classes": {"Settings": {"executed_lines": [34, 35], "summary": {"covered_lines": 2, "num_statements": 5, "percent_covered": 40.0, "percent_covered_display": "40", "missing_lines": 3, "excluded_lines": 0, "percent_statements_covered": 40.0, "percent_statements_covered_display": "40"}, "missing_lines": [36, 37, 38], "excluded_lines": [], "start_line": 15}, "": {"executed_lines": [5, 6, 7, 10, 12, 15, 18, 25, 28, 29, 31, 32, 41, 44, 47, 51], "summary": {"covered_lines": 16, "num_statements": 16, "percent_covered": 100.0, "percent_covered_display": "100", "missing_lines": 0, "excluded_lines": 0, "percent_statements_covered": 100.0, "percent_statements_covered_display": "100"}, "missing_lines": [], "excluded_lines": [], "start_line": 1}}}, "database.py": {"executed_lines": [5, 6, 8, 9, 11, 13, 14, 17, 18, 23, 24, 25, 26, 27, 28, 30, 33, 34, 35, 36, 37, 38, 39, 40, 41, 42, 43, 44, 47, 48, 49, 50, 51, 52, 53, 56, 57, 58, 59, 60, 61, 62, 63, 64, 65, 66, 67, 72, 73, 76, 77, 80, 82, 83, 84, 86, 89, 97, 100], "summary": {"covered_lines": 59, "num_statements": 73, "percent_covered": 80.82191780821918, "percent_covered_display": "81", "missing_lines": 14, "excluded_lines": 0, "percent_statements_covered": 80.82191780821918, "percent_statements_covered_display": "81"}, "missing_lines": [91, 92, 101, 102, 103, 106, 107, 116, 117, 130, 131, 138, 139, 146], "excluded_lines": [], "functions": {"new_id": {"executed_lines": [73], "summary": {"covered_lines": 1, "num_statements": 1, "percent_covered": 100.0, "percent_covered_display": "100", "missing_lines": 0, "excluded_lines": 0, "percent_statements_covered": 100.0, "percent_statements_covered_display": "100"}, "missing_lines": [], "excluded_lines": [], "start_line": 72}, "now_iso": {"executed_lines": [77], "summary": {"covered_lines": 1, "num_statements": 1, "percent_covered": 100.0, "percent_covered_display": "100", "missing_lines": 0, "excluded_lines": 0, "percent_statements_covered": 100.0, "percent_statements_covered_display": "100"}, "missing_lines": [], "excluded_lines": [], "start_line": 76}, "get_db": {"executed_lines": [82, 83, 84, 86], "summary": {"covered_lines": 4, "num_statements": 4, "percent_covered": 100.0, "percent_covered_display": "100", "missing_lines": 0, "excluded_lines": 0, "percent_statements_covered": 100.0, "percent_statements_covered_display": "100"}, "missing_lines": [], "excluded_lines": [], "start_line": 80}, "_get_default_password_hash": {"executed_lines": [], "summary": {"covered_lines": 0, "num_statements": 2, "percent_covered": 0.0, "percent_covered_display": "0", "missing_lines": 2, "excluded_lines": 0, "percent_statements_covered": 0.0, "percent_statements_covered_display": "0"}, "missing_lines": [91, 92], "excluded_lines": [], "start_line": 89}, "init_db": {"executed_lines": [], "summary": {"covered_lines": 0, "num_statements": 12, "percent_covered": 0.0, "percent_covered_display": "0", "missing_lines": 12, "excluded_lines": 0, "percent_statements_covered": 0.0, "percent_statements_covered_display": "0"}, "missing_lines": [101, 102, 103, 106, 107, 116, 117, 130, 131, 138, 139, 146], "excluded_lines": [], "start_line": 100}, "": {"executed_lines": [5, 6, 8, 9, 11, 13, 14, 17, 18, 23, 24, 25, 26, 27, 28, 30, 33, 34, 35, 36, 37, 38, 39, 40, 41, 42, 43, 44, 47, 48, 49, 50, 51, 52, 53, 56, 57, 58, 59, 60, 61, 62, 63, 64, 65, 66, 67, 72, 76, 80, 89, 97, 100], "summary": {"covered_lines": 53, "num_statements": 53, "percent_covered": 100.0, "percent_covered_display": "100", "missing_lines": 0, "excluded_lines": 0, "percent_statements_covered": 100.0, "percent_statements_covered_display": "100"}, "missing_lines": [], "excluded_lines": [], "start_line": 1}}, "classes": {"Base": {"executed_lines": [], "summary": {"covered_lines": 0, "num_statements": 0, "percent_covered": 100.0, "percent_covered_display": "100", "missing_lines": 0, "excluded_lines": 0, "percent_statements_covered": 100.0, "percent_statements_covered_display": "100"}, "missing_lines": [], "excluded_lines": [], "start_line": 17}, "OwnerRow": {"executed_lines": [], "summary": {"covered_lines": 0, "num_statements": 0, "percent_covered": 100.0, "percent_covered_display": "100", "missing_lines": 0, "excluded_lines": 0, "percent_statements_covered": 100.0, "percent_statements_covered_display": "100"}, "missing_lines": [], "excluded_lines": [], "start_line": 23}, "UserRow": {"executed_lines": [], "summary": {"covered_lines": 0, "num_statements": 0, "percent_covered": 100.0, "percent_covered_display": "100", "missing_lines": 0, "excluded_lines": 0, "percent_statements_covered": 100.0, "percent_statements_covered_display": "100"}, "missing_lines": [], "excluded_lines": [], "start_line": 33}, "EventTypeRow": {"executed_lines": [], "summary": {"covered_lines": 0, "num_statements": 0, "percent_covered": 100.0, "percent_covered_display": "100", "missing_lines": 0, "excluded_lines": 0, "percent_statements_covered": 100.0, "percent_statements_covered_display": "100"}, "missing_lines": [], "excluded_lines": [], "start_line": 47}, "BookingRow": {"executed_lines": [], "summary": {"covered_lines": 0, "num_statements": 0, "percent_covered": 100.0, "percent_covered_display": "100", "missing_lines": 0, "excluded_lines": 0, "percent_statements_covered": 100.0, "percent_statements_covered_display": "100"}, "missing_lines": [], "excluded_lines": [], "start_line": 56}, "": {"executed_lines": [5, 6, 8, 9, 11, 13, 14, 17, 18, 23, 24, 25, 26, 27, 28, 30, 33, 34, 35, 36, 37, 38, 39, 40, 41, 42, 43, 44, 47, 48, 49, 50, 51, 52, 53, 56, 57, 58, 59, 60, 61, 62, 63, 64, 65, 66, 67, 72, 73, 76, 77, 80, 82, 83, 84, 86, 89, 97, 100], "summary": {"covered_lines": 59, "num_statements": 73, "percent_covered": 80.82191780821918, "percent_covered_display": "81", "missing_lines": 14, "excluded_lines": 0, "percent_statements_covered": 80.82191780821918, "percent_statements_covered_display": "81"}, "missing_lines": [91, 92, 101, 102, 103, 106, 107, 116, 117, 130, 131, 138, 139, 146], "excluded_lines": [], "start_line": 1}}}, "main.py": {"executed_lines": [1, 2, 4, 5, 6, 7, 8, 9, 10, 12, 13, 14, 17, 20, 21, 26, 33, 34, 37, 39, 47, 48, 49, 52, 53], "summary": {"covered_lines": 25, "num_statements": 31, "percent_covered": 80.64516129032258, "percent_covered_display": "81", "missing_lines": 6, "excluded_lines": 0, "percent_statements_covered": 80.64516129032258, "percent_statements_covered_display": "81"}, "missing_lines": [22, 23, 54, 56, 57, 58], "excluded_lines": [], "functions": {"lifespan": {"executed_lines": [], "summary": {"covered_lines": 0, "num_statements": 2, "percent_covered": 0.0, "percent_covered_display": "0", "missing_lines": 2, "excluded_lines": 0, "percent_statements_covered": 0.0, "percent_statements_covered_display": "0"}, "missing_lines": [22, 23], "excluded_lines": [], "start_line": 21}, "spa_fallback": {"executed_lines": [], "summary": {"covered_lines": 0, "num_statements": 1, "percent_covered": 0.0, "percent_covered_display": "0", "missing_lines": 1, "excluded_lines": 0, "percent_statements_covered": 0.0, "percent_statements_covered_display": "0"}, "missing_lines": [58], "excluded_lines": [], "start_line": 57}, "": {"executed_lines": [1, 2, 4, 5, 6, 7, 8, 9, 10, 12, 13, 14, 17, 20, 21, 26, 33, 34, 37, 39, 47, 48, 49, 52, 53], "summary": {"covered_lines": 25, "num_statements": 28, "percent_covered": 89.28571428571429, "percent_covered_display": "89", "missing_lines": 3, "excluded_lines": 0, "percent_statements_covered": 89.28571428571429, "percent_statements_covered_display": "89"}, "missing_lines": [54, 56, 57], "excluded_lines": [], "start_line": 1}}, "classes": {"": {"executed_lines": [1, 2, 4, 5, 6, 7, 8, 9, 10, 12, 13, 14, 17, 20, 21, 26, 33, 34, 37, 39, 47, 48, 49, 52, 53], "summary": {"covered_lines": 25, "num_statements": 31, "percent_covered": 80.64516129032258, "percent_covered_display": "81", "missing_lines": 6, "excluded_lines": 0, "percent_statements_covered": 80.64516129032258, "percent_statements_covered_display": "81"}, "missing_lines": [22, 23, 54, 56, 57, 58], "excluded_lines": [], "start_line": 1}}}, "models.py": {"executed_lines": [1, 2, 3, 4, 7, 8, 9, 12, 13, 14, 15, 18, 19, 20, 21, 22, 23, 24, 25, 28, 29, 30, 31, 32, 33, 36, 37, 38, 39, 40, 41, 44, 45, 46, 47, 48, 49, 50, 51, 52, 53, 54, 57, 58, 59, 60, 61, 64, 65, 66, 69, 70, 71, 72, 73, 76, 77, 78, 79, 82, 83, 84, 85, 86, 87, 88, 91, 92, 93, 94, 95, 98, 100, 101, 102, 103, 104, 105, 106, 107, 108, 109, 110, 113, 114, 115, 116, 117, 120, 121, 122, 123, 126, 127], "summary": {"covered_lines": 94, "num_statements": 94, "percent_covered": 100.0, "percent_covered_display": "100", "missing_lines": 0, "excluded_lines": 0, "percent_statements_covered": 100.0, "percent_statements_covered_display": "100"}, "missing_lines": [], "excluded_lines": [], "functions": {"": {"executed_lines": [1, 2, 3, 4, 7, 8, 9, 12, 13, 14, 15, 18, 19, 20, 21, 22, 23, 24, 25, 28, 29, 30, 31, 32, 33, 36, 37, 38, 39, 40, 41, 44, 45, 46, 47, 48, 49, 50, 51, 52, 53, 54, 57, 58, 59, 60, 61, 64, 65, 66, 69, 70, 71, 72, 73, 76, 77, 78, 79, 82, 83, 84, 85, 86, 87, 88, 91, 92, 93, 94, 95, 98, 100, 101, 102, 103, 104, 105, 106, 107, 108, 109, 110, 113, 114, 115, 116, 117, 120, 121, 122, 123, 126, 127], "summary": {"covered_lines": 94, "num_statements": 94, "percent_covered": 100.0, "percent_covered_display": "100", "missing_lines": 0, "excluded_lines": 0, "percent_statements_covered": 100.0, "percent_statements_covered_display": "100"}, "missing_lines": [], "excluded_lines": [], "start_line": 1}}, "classes": {"BookingStatus": {"executed_lines": [], "summary": {"covered_lines": 0, "num_statements": 0, "percent_covered": 100.0, "percent_covered_display": "100", "missing_lines": 0, "excluded_lines": 0, "percent_statements_covered": 100.0, "percent_statements_covered_display": "100"}, "missing_lines": [], "excluded_lines": [], "start_line": 7}, "DaySchedule": {"executed_lines": [], "summary": {"covered_lines": 0, "num_statements": 0, "percent_covered": 100.0, "percent_covered_display": "100", "missing_lines": 0, "excluded_lines": 0, "percent_statements_covered": 100.0, "percent_statements_covered_display": "100"}, "missing_lines": [], "excluded_lines": [], "start_line": 12}, "WorkingHours": {"executed_lines": [], "summary": {"covered_lines": 0, "num_statements": 0, "percent_covered": 100.0, "percent_covered_display": "100", "missing_lines": 0, "excluded_lines": 0, "percent_statements_covered": 100.0, "percent_statements_covered_display": "100"}, "missing_lines": [], "excluded_lines": [], "start_line": 18}, "Owner": {"executed_lines": [], "summary": {"covered_lines": 0, "num_statements": 0, "percent_covered": 100.0, "percent_covered_display": "100", "missing_lines": 0, "excluded_lines": 0, "percent_statements_covered": 100.0, "percent_statements_covered_display": "100"}, "missing_lines": [], "excluded_lines": [], "start_line": 28}, "EventType": {"executed_lines": [], "summary": {"covered_lines": 0, "num_statements": 0, "percent_covered": 100.0, "percent_covered_display": "100", "missing_lines": 0, "excluded_lines": 0, "percent_statements_covered": 100.0, "percent_statements_covered_display": "100"}, "missing_lines": [], "excluded_lines": [], "start_line": 36}, "Booking": {"executed_lines": [], "summary": {"covered_lines": 0, "num_statements": 0, "percent_covered": 100.0, "percent_covered_display": "100", "missing_lines": 0, "excluded_lines": 0, "percent_statements_covered": 100.0, "percent_statements_covered_display": "100"}, "missing_lines": [], "excluded_lines": [], "start_line": 44}, "TimeSlot": {"executed_lines": [], "summary": {"covered_lines": 0, "num_statements": 0, "percent_covered": 100.0, "percent_covered_display": "100", "missing_lines": 0, "excluded_lines": 0, "percent_statements_covered": 100.0, "percent_statements_covered_display": "100"}, "missing_lines": [], "excluded_lines": [], "start_line": 57}, "DayAvailability": {"executed_lines": [], "summary": {"covered_lines": 0, "num_statements": 0, "percent_covered": 100.0, "percent_covered_display": "100", "missing_lines": 0, "excluded_lines": 0, "percent_statements_covered": 100.0, "percent_statements_covered_display": "100"}, "missing_lines": [], "excluded_lines": [], "start_line": 64}, "CreateEventTypeRequest": {"executed_lines": [], "summary": {"covered_lines": 0, "num_statements": 0, "percent_covered": 100.0, "percent_covered_display": "100", "missing_lines": 0, "excluded_lines": 0, "percent_statements_covered": 100.0, "percent_statements_covered_display": "100"}, "missing_lines": [], "excluded_lines": [], "start_line": 69}, "UpdateEventTypeRequest": {"executed_lines": [], "summary": {"covered_lines": 0, "num_statements": 0, "percent_covered": 100.0, "percent_covered_display": "100", "missing_lines": 0, "excluded_lines": 0, "percent_statements_covered": 100.0, "percent_statements_covered_display": "100"}, "missing_lines": [], "excluded_lines": [], "start_line": 76}, "CreateBookingRequest": {"executed_lines": [], "summary": {"covered_lines": 0, "num_statements": 0, "percent_covered": 100.0, "percent_covered_display": "100", "missing_lines": 0, "excluded_lines": 0, "percent_statements_covered": 100.0, "percent_statements_covered_display": "100"}, "missing_lines": [], "excluded_lines": [], "start_line": 82}, "PaginatedBookings": {"executed_lines": [], "summary": {"covered_lines": 0, "num_statements": 0, "percent_covered": 100.0, "percent_covered_display": "100", "missing_lines": 0, "excluded_lines": 0, "percent_statements_covered": 100.0, "percent_statements_covered_display": "100"}, "missing_lines": [], "excluded_lines": [], "start_line": 91}, "BookingWithStatus": {"executed_lines": [], "summary": {"covered_lines": 0, "num_statements": 0, "percent_covered": 100.0, "percent_covered_display": "100", "missing_lines": 0, "excluded_lines": 0, "percent_statements_covered": 100.0, "percent_statements_covered_display": "100"}, "missing_lines": [], "excluded_lines": [], "start_line": 98}, "PaginatedBookingsWithStatus": {"executed_lines": [], "summary": {"covered_lines": 0, "num_statements": 0, "percent_covered": 100.0, "percent_covered_display": "100", "missing_lines": 0, "excluded_lines": 0, "percent_statements_covered": 100.0, "percent_statements_covered_display": "100"}, "missing_lines": [], "excluded_lines": [], "start_line": 113}, "ErrorDetail": {"executed_lines": [], "summary": {"covered_lines": 0, "num_statements": 0, "percent_covered": 100.0, "percent_covered_display": "100", "missing_lines": 0, "excluded_lines": 0, "percent_statements_covered": 100.0, "percent_statements_covered_display": "100"}, "missing_lines": [], "excluded_lines": [], "start_line": 120}, "ErrorResponse": {"executed_lines": [], "summary": {"covered_lines": 0, "num_statements": 0, "percent_covered": 100.0, "percent_covered_display": "100", "missing_lines": 0, "excluded_lines": 0, "percent_statements_covered": 100.0, "percent_statements_covered_display": "100"}, "missing_lines": [], "excluded_lines": [], "start_line": 126}, "": {"executed_lines": [1, 2, 3, 4, 7, 8, 9, 12, 13, 14, 15, 18, 19, 20, 21, 22, 23, 24, 25, 28, 29, 30, 31, 32, 33, 36, 37, 38, 39, 40, 41, 44, 45, 46, 47, 48, 49, 50, 51, 52, 53, 54, 57, 58, 59, 60, 61, 64, 65, 66, 69, 70, 71, 72, 73, 76, 77, 78, 79, 82, 83, 84, 85, 86, 87, 88, 91, 92, 93, 94, 95, 98, 100, 101, 102, 103, 104, 105, 106, 107, 108, 109, 110, 113, 114, 115, 116, 117, 120, 121, 122, 123, 126, 127], "summary": {"covered_lines": 94, "num_statements": 94, "percent_covered": 100.0, "percent_covered_display": "100", "missing_lines": 0, "excluded_lines": 0, "percent_statements_covered": 100.0, "percent_statements_covered_display": "100"}, "missing_lines": [], "excluded_lines": [], "start_line": 1}}}, "routers/__init__.py": {"executed_lines": [], "summary": {"covered_lines": 0, "num_statements": 0, "percent_covered": 100.0, "percent_covered_display": "100", "missing_lines": 0, "excluded_lines": 0, "percent_statements_covered": 100.0, "percent_statements_covered_display": "100"}, "missing_lines": [], "excluded_lines": [], "functions": {"": {"executed_lines": [], "summary": {"covered_lines": 0, "num_statements": 0, "percent_covered": 100.0, "percent_covered_display": "100", "missing_lines": 0, "excluded_lines": 0, "percent_statements_covered": 100.0, "percent_statements_covered_display": "100"}, "missing_lines": [], "excluded_lines": [], "start_line": 1}}, "classes": {"": {"executed_lines": [], "summary": {"covered_lines": 0, "num_statements": 0, "percent_covered": 100.0, "percent_covered_display": "100", "missing_lines": 0, "excluded_lines": 0, "percent_statements_covered": 100.0, "percent_statements_covered_display": "100"}, "missing_lines": [], "excluded_lines": [], "start_line": 1}}}, "routers/auth.py": {"executed_lines": [4, 6, 7, 8, 9, 10, 12, 13, 14, 23, 24, 27, 28, 33, 34, 35, 36, 37, 39, 40, 41, 42, 43, 44, 45, 46, 47, 49, 50, 51, 52, 53, 54, 55, 59, 61, 62, 63, 64, 65, 67, 70, 71, 72, 75, 76, 77, 80, 81, 82, 83, 84, 85, 90, 101, 102, 113, 114, 116, 119, 122, 123, 135, 136, 137, 139, 142, 143, 144, 151, 156, 162, 163, 165, 168, 169, 171, 174, 175, 177, 180, 181, 183, 186, 187, 188, 191, 192, 198, 199, 200, 203, 204, 205, 207], "summary": {"covered_lines": 95, "num_statements": 100, "percent_covered": 95.0, "percent_covered_display": "95", "missing_lines": 5, "excluded_lines": 0, "percent_statements_covered": 95.0, "percent_statements_covered_display": "95"}, "missing_lines": [66, 117, 120, 166, 201], "excluded_lines": [], "functions": {"RegisterRequest.username_valid": {"executed_lines": [42, 43, 44, 45, 46, 47], "summary": {"covered_lines": 6, "num_statements": 6, "percent_covered": 100.0, "percent_covered_display": "100", "missing_lines": 0, "excluded_lines": 0, "percent_statements_covered": 100.0, "percent_statements_covered_display": "100"}, "missing_lines": [], "excluded_lines": [], "start_line": 41}, "RegisterRequest.password_strong": {"executed_lines": [52, 53, 54, 55, 59], "summary": {"covered_lines": 5, "num_statements": 5, "percent_covered": 100.0, "percent_covered_display": "100", "missing_lines": 0, "excluded_lines": 0, "percent_statements_covered": 100.0, "percent_statements_covered_display": "100"}, "missing_lines": [], "excluded_lines": [], "start_line": 51}, "RegisterRequest.name_not_empty": {"executed_lines": [64, 65, 67], "summary": {"covered_lines": 3, "num_statements": 4, "percent_covered": 75.0, "percent_covered_display": "75", "missing_lines": 1, "excluded_lines": 0, "percent_statements_covered": 75.0, "percent_statements_covered_display": "75"}, "missing_lines": [66], "excluded_lines": [], "start_line": 63}, "user_to_profile": {"executed_lines": [102], "summary": {"covered_lines": 1, "num_statements": 1, "percent_covered": 100.0, "percent_covered_display": "100", "missing_lines": 0, "excluded_lines": 0, "percent_statements_covered": 100.0, "percent_statements_covered_display": "100"}, "missing_lines": [], "excluded_lines": [], "start_line": 101}, "register": {"executed_lines": [116, 119, 122, 123, 135, 136, 137, 139], "summary": {"covered_lines": 8, "num_statements": 10, "percent_covered": 80.0, "percent_covered_display": "80", "missing_lines": 2, "excluded_lines": 0, "percent_statements_covered": 80.0, "percent_statements_covered_display": "80"}, "missing_lines": [117, 120], "excluded_lines": [], "start_line": 114}, "login": {"executed_lines": [151, 156, 162, 163, 165, 168, 169, 171], "summary": {"covered_lines": 8, "num_statements": 9, "percent_covered": 88.88888888888889, "percent_covered_display": "89", "missing_lines": 1, "excluded_lines": 0, "percent_statements_covered": 88.88888888888889, "percent_statements_covered_display": "89"}, "missing_lines": [166], "excluded_lines": [], "start_line": 144}, "logout": {"executed_lines": [177], "summary": {"covered_lines": 1, "num_statements": 1, "percent_covered": 100.0, "percent_covered_display": "100", "missing_lines": 0, "excluded_lines": 0, "percent_statements_covered": 100.0, "percent_statements_covered_display": "100"}, "missing_lines": [], "excluded_lines": [], "start_line": 175}, "get_me": {"executed_lines": [183], "summary": {"covered_lines": 1, "num_statements": 1, "percent_covered": 100.0, "percent_covered_display": "100", "missing_lines": 0, "excluded_lines": 0, "percent_statements_covered": 100.0, "percent_statements_covered_display": "100"}, "missing_lines": [], "excluded_lines": [], "start_line": 181}, "update_me": {"executed_lines": [198, 199, 200, 203, 204, 205, 207], "summary": {"covered_lines": 7, "num_statements": 8, "percent_covered": 87.5, "percent_covered_display": "88", "missing_lines": 1, "excluded_lines": 0, "percent_statements_covered": 87.5, "percent_statements_covered_display": "88"}, "missing_lines": [201], "excluded_lines": [], "start_line": 192}, "": {"executed_lines": [4, 6, 7, 8, 9, 10, 12, 13, 14, 23, 24, 27, 28, 33, 34, 35, 36, 37, 39, 40, 41, 49, 50, 51, 61, 62, 63, 70, 71, 72, 75, 76, 77, 80, 81, 82, 83, 84, 85, 90, 101, 113, 114, 142, 143, 144, 174, 175, 180, 181, 186, 187, 188, 191, 192], "summary": {"covered_lines": 55, "num_statements": 55, "percent_covered": 100.0, "percent_covered_display": "100", "missing_lines": 0, "excluded_lines": 0, "percent_statements_covered": 100.0, "percent_statements_covered_display": "100"}, "missing_lines": [], "excluded_lines": [], "start_line": 1}}, "classes": {"RegisterRequest": {"executed_lines": [42, 43, 44, 45, 46, 47, 52, 53, 54, 55, 59, 64, 65, 67], "summary": {"covered_lines": 14, "num_statements": 15, "percent_covered": 93.33333333333333, "percent_covered_display": "93", "missing_lines": 1, "excluded_lines": 0, "percent_statements_covered": 93.33333333333333, "percent_statements_covered_display": "93"}, "missing_lines": [66], "excluded_lines": [], "start_line": 33}, "LoginRequest": {"executed_lines": [], "summary": {"covered_lines": 0, "num_statements": 0, "percent_covered": 100.0, "percent_covered_display": "100", "missing_lines": 0, "excluded_lines": 0, "percent_statements_covered": 100.0, "percent_statements_covered_display": "100"}, "missing_lines": [], "excluded_lines": [], "start_line": 70}, "TokenResponse": {"executed_lines": [], "summary": {"covered_lines": 0, "num_statements": 0, "percent_covered": 100.0, "percent_covered_display": "100", "missing_lines": 0, "excluded_lines": 0, "percent_statements_covered": 100.0, "percent_statements_covered_display": "100"}, "missing_lines": [], "excluded_lines": [], "start_line": 75}, "UserProfile": {"executed_lines": [], "summary": {"covered_lines": 0, "num_statements": 0, "percent_covered": 100.0, "percent_covered_display": "100", "missing_lines": 0, "excluded_lines": 0, "percent_statements_covered": 100.0, "percent_statements_covered_display": "100"}, "missing_lines": [], "excluded_lines": [], "start_line": 80}, "UpdateProfileRequest": {"executed_lines": [], "summary": {"covered_lines": 0, "num_statements": 0, "percent_covered": 100.0, "percent_covered_display": "100", "missing_lines": 0, "excluded_lines": 0, "percent_statements_covered": 100.0, "percent_statements_covered_display": "100"}, "missing_lines": [], "excluded_lines": [], "start_line": 186}, "": {"executed_lines": [4, 6, 7, 8, 9, 10, 12, 13, 14, 23, 24, 27, 28, 33, 34, 35, 36, 37, 39, 40, 41, 49, 50, 51, 61, 62, 63, 70, 71, 72, 75, 76, 77, 80, 81, 82, 83, 84, 85, 90, 101, 102, 113, 114, 116, 119, 122, 123, 135, 136, 137, 139, 142, 143, 144, 151, 156, 162, 163, 165, 168, 169, 171, 174, 175, 177, 180, 181, 183, 186, 187, 188, 191, 192, 198, 199, 200, 203, 204, 205, 207], "summary": {"covered_lines": 81, "num_statements": 85, "percent_covered": 95.29411764705883, "percent_covered_display": "95", "missing_lines": 4, "excluded_lines": 0, "percent_statements_covered": 95.29411764705883, "percent_statements_covered_display": "95"}, "missing_lines": [117, 120, 166, 201], "excluded_lines": [], "start_line": 1}}}, "routers/owner.py": {"executed_lines": [1, 2, 4, 5, 6, 8, 13, 14, 15, 17, 20, 21, 22, 25, 30, 32, 33, 36, 37, 51, 52, 54, 59, 60, 65, 67, 68, 69, 71, 72, 74, 81, 82, 83, 84, 88, 89, 101, 102, 127, 128, 133, 134, 135, 136, 137, 142, 143, 149, 150, 152, 153, 154, 155, 156, 157, 158, 159, 161, 162, 163, 164, 167, 168, 179, 180, 185, 186, 188, 189], "summary": {"covered_lines": 70, "num_statements": 97, "percent_covered": 72.16494845360825, "percent_covered_display": "72", "missing_lines": 27, "excluded_lines": 0, "percent_statements_covered": 72.16494845360825, "percent_statements_covered_display": "72"}, "missing_lines": [26, 27, 66, 70, 94, 95, 96, 97, 108, 109, 110, 112, 113, 114, 115, 116, 117, 118, 119, 121, 122, 123, 173, 174, 175, 176, 187], "excluded_lines": [], "functions": {"error_response": {"executed_lines": [21, 22], "summary": {"covered_lines": 2, "num_statements": 2, "percent_covered": 100.0, "percent_covered_display": "100", "missing_lines": 0, "excluded_lines": 0, "percent_statements_covered": 100.0, "percent_statements_covered_display": "100"}, "missing_lines": [], "excluded_lines": [], "start_line": 20}, "row_to_owner": {"executed_lines": [], "summary": {"covered_lines": 0, "num_statements": 2, "percent_covered": 0.0, "percent_covered_display": "0", "missing_lines": 2, "excluded_lines": 0, "percent_statements_covered": 0.0, "percent_statements_covered_display": "0"}, "missing_lines": [26, 27], "excluded_lines": [], "start_line": 25}, "user_to_owner": {"executed_lines": [32, 33], "summary": {"covered_lines": 2, "num_statements": 2, "percent_covered": 100.0, "percent_covered_display": "100", "missing_lines": 0, "excluded_lines": 0, "percent_statements_covered": 100.0, "percent_statements_covered_display": "100"}, "missing_lines": [], "excluded_lines": [], "start_line": 30}, "row_to_booking": {"executed_lines": [37], "summary": {"covered_lines": 1, "num_statements": 1, "percent_covered": 100.0, "percent_covered_display": "100", "missing_lines": 0, "excluded_lines": 0, "percent_statements_covered": 100.0, "percent_statements_covered_display": "100"}, "missing_lines": [], "excluded_lines": [], "start_line": 36}, "get_profile": {"executed_lines": [54], "summary": {"covered_lines": 1, "num_statements": 1, "percent_covered": 100.0, "percent_covered_display": "100", "missing_lines": 0, "excluded_lines": 0, "percent_statements_covered": 100.0, "percent_statements_covered_display": "100"}, "missing_lines": [], "excluded_lines": [], "start_line": 52}, "create_event_type": {"executed_lines": [65, 67, 68, 69, 71, 72, 74, 81, 82, 83, 84], "summary": {"covered_lines": 11, "num_statements": 13, "percent_covered": 84.61538461538461, "percent_covered_display": "85", "missing_lines": 2, "excluded_lines": 0, "percent_statements_covered": 84.61538461538461, "percent_statements_covered_display": "85"}, "missing_lines": [66, 70], "excluded_lines": [], "start_line": 60}, "get_event_type": {"executed_lines": [], "summary": {"covered_lines": 0, "num_statements": 4, "percent_covered": 0.0, "percent_covered_display": "0", "missing_lines": 4, "excluded_lines": 0, "percent_statements_covered": 0.0, "percent_statements_covered_display": "0"}, "missing_lines": [94, 95, 96, 97], "excluded_lines": [], "start_line": 89}, "update_event_type": {"executed_lines": [], "summary": {"covered_lines": 0, "num_statements": 14, "percent_covered": 0.0, "percent_covered_display": "0", "missing_lines": 14, "excluded_lines": 0, "percent_statements_covered": 0.0, "percent_statements_covered_display": "0"}, "missing_lines": [108, 109, 110, 112, 113, 114, 115, 116, 117, 118, 119, 121, 122, 123], "excluded_lines": [], "start_line": 102}, "delete_event_type": {"executed_lines": [133, 134, 135, 136, 137], "summary": {"covered_lines": 5, "num_statements": 5, "percent_covered": 100.0, "percent_covered_display": "100", "missing_lines": 0, "excluded_lines": 0, "percent_statements_covered": 100.0, "percent_statements_covered_display": "100"}, "missing_lines": [], "excluded_lines": [], "start_line": 128}, "list_upcoming_bookings": {"executed_lines": [149, 150, 152, 153, 154, 155, 156, 157, 158, 159, 161, 162, 163, 164], "summary": {"covered_lines": 14, "num_statements": 14, "percent_covered": 100.0, "percent_covered_display": "100", "missing_lines": 0, "excluded_lines": 0, "percent_statements_covered": 100.0, "percent_statements_covered_display": "100"}, "missing_lines": [], "excluded_lines": [], "start_line": 143}, "get_booking": {"executed_lines": [], "summary": {"covered_lines": 0, "num_statements": 4, "percent_covered": 0.0, "percent_covered_display": "0", "missing_lines": 4, "excluded_lines": 0, "percent_statements_covered": 0.0, "percent_statements_covered_display": "0"}, "missing_lines": [173, 174, 175, 176], "excluded_lines": [], "start_line": 168}, "cancel_booking": {"executed_lines": [185, 186, 188, 189], "summary": {"covered_lines": 4, "num_statements": 5, "percent_covered": 80.0, "percent_covered_display": "80", "missing_lines": 1, "excluded_lines": 0, "percent_statements_covered": 80.0, "percent_statements_covered_display": "80"}, "missing_lines": [187], "excluded_lines": [], "start_line": 180}, "": {"executed_lines": [1, 2, 4, 5, 6, 8, 13, 14, 15, 17, 20, 25, 30, 36, 51, 52, 59, 60, 88, 89, 101, 102, 127, 128, 142, 143, 167, 168, 179, 180], "summary": {"covered_lines": 30, "num_statements": 30, "percent_covered": 100.0, "percent_covered_display": "100", "missing_lines": 0, "excluded_lines": 0, "percent_statements_covered": 100.0, "percent_statements_covered_display": "100"}, "missing_lines": [], "excluded_lines": [], "start_line": 1}}, "classes": {"": {"executed_lines": [1, 2, 4, 5, 6, 8, 13, 14, 15, 17, 20, 21, 22, 25, 30, 32, 33, 36, 37, 51, 52, 54, 59, 60, 65, 67, 68, 69, 71, 72, 74, 81, 82, 83, 84, 88, 89, 101, 102, 127, 128, 133, 134, 135, 136, 137, 142, 143, 149, 150, 152, 153, 154, 155, 156, 157, 158, 159, 161, 162, 163, 164, 167, 168, 179, 180, 185, 186, 188, 189], "summary": {"covered_lines": 70, "num_statements": 97, "percent_covered": 72.16494845360825, "percent_covered_display": "72", "missing_lines": 27, "excluded_lines": 0, "percent_statements_covered": 72.16494845360825, "percent_statements_covered_display": "72"}, "missing_lines": [26, 27, 66, 70, 94, 95, 96, 97, 108, 109, 110, 112, 113, 114, 115, 116, 117, 118, 119, 121, 122, 123, 173, 174, 175, 176, 187], "excluded_lines": [], "start_line": 1}}}, "routers/public.py": {"executed_lines": [1, 2, 3, 5, 6, 7, 9, 14, 15, 16, 18, 21, 22, 23, 26, 27, 28, 31, 32, 46, 47, 48, 49, 53, 54, 59, 60, 61, 63, 64, 66, 67, 68, 71, 72, 77, 78, 81, 82, 84, 85, 87, 88, 90, 91, 93, 94, 95, 96, 97, 98, 99, 100, 101, 105, 108, 109, 110, 111, 112, 114, 115, 119, 120, 122, 124, 125, 126, 127, 128, 129, 133, 145, 146, 147, 148], "summary": {"covered_lines": 76, "num_statements": 79, "percent_covered": 96.20253164556962, "percent_covered_display": "96", "missing_lines": 3, "excluded_lines": 0, "percent_statements_covered": 96.20253164556962, "percent_statements_covered_display": "96"}, "missing_lines": [79, 116, 117], "excluded_lines": [], "functions": {"error_response": {"executed_lines": [22, 23], "summary": {"covered_lines": 2, "num_statements": 2, "percent_covered": 100.0, "percent_covered_display": "100", "missing_lines": 0, "excluded_lines": 0, "percent_statements_covered": 100.0, "percent_statements_covered_display": "100"}, "missing_lines": [], "excluded_lines": [], "start_line": 21}, "row_to_owner": {"executed_lines": [27, 28], "summary": {"covered_lines": 2, "num_statements": 2, "percent_covered": 100.0, "percent_covered_display": "100", "missing_lines": 0, "excluded_lines": 0, "percent_statements_covered": 100.0, "percent_statements_covered_display": "100"}, "missing_lines": [], "excluded_lines": [], "start_line": 26}, "row_to_booking": {"executed_lines": [32], "summary": {"covered_lines": 1, "num_statements": 1, "percent_covered": 100.0, "percent_covered_display": "100", "missing_lines": 0, "excluded_lines": 0, "percent_statements_covered": 100.0, "percent_statements_covered_display": "100"}, "missing_lines": [], "excluded_lines": [], "start_line": 31}, "list_event_types": {"executed_lines": [48, 49], "summary": {"covered_lines": 2, "num_statements": 2, "percent_covered": 100.0, "percent_covered_display": "100", "missing_lines": 0, "excluded_lines": 0, "percent_statements_covered": 100.0, "percent_statements_covered_display": "100"}, "missing_lines": [], "excluded_lines": [], "start_line": 47}, "get_available_slots": {"executed_lines": [59, 60, 61, 63, 64, 66, 67, 68], "summary": {"covered_lines": 8, "num_statements": 8, "percent_covered": 100.0, "percent_covered_display": "100", "missing_lines": 0, "excluded_lines": 0, "percent_statements_covered": 100.0, "percent_statements_covered_display": "100"}, "missing_lines": [], "excluded_lines": [], "start_line": 54}, "get_available_slots_summary": {"executed_lines": [77, 78, 81, 82, 84, 85, 87, 88, 90, 91, 93, 94, 95, 96, 97, 98, 99, 100, 101, 105], "summary": {"covered_lines": 20, "num_statements": 21, "percent_covered": 95.23809523809524, "percent_covered_display": "95", "missing_lines": 1, "excluded_lines": 0, "percent_statements_covered": 95.23809523809524, "percent_statements_covered_display": "95"}, "missing_lines": [79], "excluded_lines": [], "start_line": 72}, "create_booking": {"executed_lines": [110, 111, 112, 114, 115, 119, 120, 122, 124, 125, 126, 127, 128, 129, 133, 145, 146, 147, 148], "summary": {"covered_lines": 19, "num_statements": 21, "percent_covered": 90.47619047619048, "percent_covered_display": "90", "missing_lines": 2, "excluded_lines": 0, "percent_statements_covered": 90.47619047619048, "percent_statements_covered_display": "90"}, "missing_lines": [116, 117], "excluded_lines": [], "start_line": 109}, "": {"executed_lines": [1, 2, 3, 5, 6, 7, 9, 14, 15, 16, 18, 21, 26, 31, 46, 47, 53, 54, 71, 72, 108, 109], "summary": {"covered_lines": 22, "num_statements": 22, "percent_covered": 100.0, "percent_covered_display": "100", "missing_lines": 0, "excluded_lines": 0, "percent_statements_covered": 100.0, "percent_statements_covered_display": "100"}, "missing_lines": [], "excluded_lines": [], "start_line": 1}}, "classes": {"": {"executed_lines": [1, 2, 3, 5, 6, 7, 9, 14, 15, 16, 18, 21, 22, 23, 26, 27, 28, 31, 32, 46, 47, 48, 49, 53, 54, 59, 60, 61, 63, 64, 66, 67, 68, 71, 72, 77, 78, 81, 82, 84, 85, 87, 88, 90, 91, 93, 94, 95, 96, 97, 98, 99, 100, 101, 105, 108, 109, 110, 111, 112, 114, 115, 119, 120, 122, 124, 125, 126, 127, 128, 129, 133, 145, 146, 147, 148], "summary": {"covered_lines": 76, "num_statements": 79, "percent_covered": 96.20253164556962, "percent_covered_display": "96", "missing_lines": 3, "excluded_lines": 0, "percent_statements_covered": 96.20253164556962, "percent_statements_covered_display": "96"}, "missing_lines": [79, 116, 117], "excluded_lines": [], "start_line": 1}}}, "slots.py": {"executed_lines": [5, 6, 8, 11, 13, 16, 23, 24, 26, 27, 29, 30, 33, 34, 37, 39, 40, 42, 43, 44, 48, 49, 50, 54, 55, 56, 57, 58, 60, 67, 69, 72, 74, 75, 76, 78, 79, 80, 81], "summary": {"covered_lines": 39, "num_statements": 40, "percent_covered": 97.5, "percent_covered_display": "98", "missing_lines": 1, "excluded_lines": 0, "percent_statements_covered": 97.5, "percent_statements_covered_display": "98"}, "missing_lines": [45], "excluded_lines": [], "functions": {"get_day_schedule": {"executed_lines": [13], "summary": {"covered_lines": 1, "num_statements": 1, "percent_covered": 100.0, "percent_covered_display": "100", "missing_lines": 0, "excluded_lines": 0, "percent_statements_covered": 100.0, "percent_statements_covered_display": "100"}, "missing_lines": [], "excluded_lines": [], "start_line": 11}, "generate_slots": {"executed_lines": [23, 24, 26, 27, 29, 30, 33, 34, 37, 39, 40, 42, 43, 44, 48, 49, 50, 54, 55, 56, 57, 58, 60, 67, 69], "summary": {"covered_lines": 25, "num_statements": 26, "percent_covered": 96.15384615384616, "percent_covered_display": "96", "missing_lines": 1, "excluded_lines": 0, "percent_statements_covered": 96.15384615384616, "percent_statements_covered_display": "96"}, "missing_lines": [45], "excluded_lines": [], "start_line": 16}, "get_booked_intervals": {"executed_lines": [74, 75, 76, 78, 79, 80, 81], "summary": {"covered_lines": 7, "num_statements": 7, "percent_covered": 100.0, "percent_covered_display": "100", "missing_lines": 0, "excluded_lines": 0, "percent_statements_covered": 100.0, "percent_statements_covered_display": "100"}, "missing_lines": [], "excluded_lines": [], "start_line": 72}, "": {"executed_lines": [5, 6, 8, 11, 16, 72], "summary": {"covered_lines": 6, "num_statements": 6, "percent_covered": 100.0, "percent_covered_display": "100", "missing_lines": 0, "excluded_lines": 0, "percent_statements_covered": 100.0, "percent_statements_covered_display": "100"}, "missing_lines": [], "excluded_lines": [], "start_line": 1}}, "classes": {"": {"executed_lines": [5, 6, 8, 11, 13, 16, 23, 24, 26, 27, 29, 30, 33, 34, 37, 39, 40, 42, 43, 44, 48, 49, 50, 54, 55, 56, 57, 58, 60, 67, 69, 72, 74, 75, 76, 78, 79, 80, 81], "summary": {"covered_lines": 39, "num_statements": 40, "percent_covered": 97.5, "percent_covered_display": "98", "missing_lines": 1, "excluded_lines": 0, "percent_statements_covered": 97.5, "percent_statements_covered_display": "98"}, "missing_lines": [45], "excluded_lines": [], "start_line": 1}}}, "tests/__init__.py": {"executed_lines": [], "summary": {"covered_lines": 0, "num_statements": 0, "percent_covered": 100.0, "percent_covered_display": "100", "missing_lines": 0, "excluded_lines": 0, "percent_statements_covered": 100.0, "percent_statements_covered_display": "100"}, "missing_lines": [], "excluded_lines": [], "functions": {"": {"executed_lines": [], "summary": {"covered_lines": 0, "num_statements": 0, "percent_covered": 100.0, "percent_covered_display": "100", "missing_lines": 0, "excluded_lines": 0, "percent_statements_covered": 100.0, "percent_statements_covered_display": "100"}, "missing_lines": [], "excluded_lines": [], "start_line": 1}}, "classes": {"": {"executed_lines": [], "summary": {"covered_lines": 0, "num_statements": 0, "percent_covered": 100.0, "percent_covered_display": "100", "missing_lines": 0, "excluded_lines": 0, "percent_statements_covered": 100.0, "percent_statements_covered_display": "100"}, "missing_lines": [], "excluded_lines": [], "start_line": 1}}}, "tests/conftest.py": {"executed_lines": [5, 6, 10, 12, 14, 16, 22, 24, 25, 28, 30, 31, 32, 33, 34, 37, 39, 40, 42, 45, 46, 47, 50, 52, 53, 55, 56, 58, 60, 69, 81, 88, 95], "summary": {"covered_lines": 33, "num_statements": 34, "percent_covered": 97.05882352941177, "percent_covered_display": "97", "missing_lines": 1, "excluded_lines": 0, "percent_statements_covered": 97.05882352941177, "percent_statements_covered_display": "97"}, "missing_lines": [41], "excluded_lines": [], "functions": {"get_test_auth_headers": {"executed_lines": [22, 24, 25], "summary": {"covered_lines": 3, "num_statements": 3, "percent_covered": 100.0, "percent_covered_display": "100", "missing_lines": 0, "excluded_lines": 0, "percent_statements_covered": 100.0, "percent_statements_covered_display": "100"}, "missing_lines": [], "excluded_lines": [], "start_line": 16}, "future_iso": {"executed_lines": [30, 31, 32, 33, 34], "summary": {"covered_lines": 5, "num_statements": 5, "percent_covered": 100.0, "percent_covered_display": "100", "missing_lines": 0, "excluded_lines": 0, "percent_statements_covered": 100.0, "percent_statements_covered_display": "100"}, "missing_lines": [], "excluded_lines": [], "start_line": 28}, "future_date": {"executed_lines": [39, 40, 42], "summary": {"covered_lines": 3, "num_statements": 4, "percent_covered": 75.0, "percent_covered_display": "75", "missing_lines": 1, "excluded_lines": 0, "percent_statements_covered": 75.0, "percent_statements_covered_display": "75"}, "missing_lines": [41], "excluded_lines": [], "start_line": 37}, "_get_test_password_hash": {"executed_lines": [46, 47], "summary": {"covered_lines": 2, "num_statements": 2, "percent_covered": 100.0, "percent_covered_display": "100", "missing_lines": 0, "excluded_lines": 0, "percent_statements_covered": 100.0, "percent_statements_covered_display": "100"}, "missing_lines": [], "excluded_lines": [], "start_line": 45}, "reset_db": {"executed_lines": [52, 53, 55, 56, 58, 60, 69, 81, 88, 95], "summary": {"covered_lines": 10, "num_statements": 10, "percent_covered": 100.0, "percent_covered_display": "100", "missing_lines": 0, "excluded_lines": 0, "percent_statements_covered": 100.0, "percent_statements_covered_display": "100"}, "missing_lines": [], "excluded_lines": [], "start_line": 50}, "": {"executed_lines": [5, 6, 10, 12, 14, 16, 28, 37, 45, 50], "summary": {"covered_lines": 10, "num_statements": 10, "percent_covered": 100.0, "percent_covered_display": "100", "missing_lines": 0, "excluded_lines": 0, "percent_statements_covered": 100.0, "percent_statements_covered_display": "100"}, "missing_lines": [], "excluded_lines": [], "start_line": 1}}, "classes": {"": {"executed_lines": [5, 6, 10, 12, 14, 16, 22, 24, 25, 28, 30, 31, 32, 33, 34, 37, 39, 40, 42, 45, 46, 47, 50, 52, 53, 55, 56, 58, 60, 69, 81, 88, 95], "summary": {"covered_lines": 33, "num_statements": 34, "percent_covered": 97.05882352941177, "percent_covered_display": "97", "missing_lines": 1, "excluded_lines": 0, "percent_statements_covered": 97.05882352941177, "percent_statements_covered_display": "97"}, "missing_lines": [41], "excluded_lines": [], "start_line": 1}}}, "tests/test_auth_bugfix.py": {"executed_lines": [10, 11, 12, 14, 17, 18, 20, 21, 23, 24, 26, 41, 42, 44, 49, 51, 52, 53, 55, 57, 64, 69, 70, 72, 73, 74, 77, 84, 99, 100, 101, 102, 104, 109, 114, 122, 127, 132, 140, 145, 150, 158, 172, 173, 174, 175, 176, 178, 183, 184, 189, 195, 203, 208, 209, 214, 215, 217, 225, 238, 239, 242, 249, 250, 251, 252, 254, 255, 257, 262, 266, 271, 273, 274, 279, 285, 290, 294, 301, 308, 309, 310, 311, 312, 314, 319, 320, 325, 326, 327, 332, 334, 338, 339, 346, 353, 354, 355, 356, 358, 363, 364, 370, 375, 376, 383, 395, 402, 405, 409, 410, 411, 412, 413, 414, 418, 420, 424, 426, 427], "summary": {"covered_lines": 120, "num_statements": 121, "percent_covered": 99.17355371900827, "percent_covered_display": "99", "missing_lines": 1, "excluded_lines": 0, "percent_statements_covered": 99.17355371900827, "percent_statements_covered_display": "99"}, "missing_lines": [226], "excluded_lines": [], "functions": {"TestBugCondition1_EmptyPasswordHash.setUp": {"executed_lines": [42], "summary": {"covered_lines": 1, "num_statements": 1, "percent_covered": 100.0, "percent_covered_display": "100", "missing_lines": 0, "excluded_lines": 0, "percent_statements_covered": 100.0, "percent_statements_covered_display": "100"}, "missing_lines": [], "excluded_lines": [], "start_line": 41}, "TestBugCondition1_EmptyPasswordHash.test_bug1_owner_password_hash_is_not_empty_after_reset_db": {"executed_lines": [49, 51, 52, 53, 55, 57], "summary": {"covered_lines": 6, "num_statements": 6, "percent_covered": 100.0, "percent_covered_display": "100", "missing_lines": 0, "excluded_lines": 0, "percent_statements_covered": 100.0, "percent_statements_covered_display": "100"}, "missing_lines": [], "excluded_lines": [], "start_line": 44}, "TestBugCondition1_EmptyPasswordHash.test_bug1_owner_password_hash_verifies_changeme": {"executed_lines": [69, 70, 72, 73, 74, 77], "summary": {"covered_lines": 6, "num_statements": 6, "percent_covered": 100.0, "percent_covered_display": "100", "missing_lines": 0, "excluded_lines": 0, "percent_statements_covered": 100.0, "percent_statements_covered_display": "100"}, "missing_lines": [], "excluded_lines": [], "start_line": 64}, "TestBugCondition2_FirstLoginBypass.setUp": {"executed_lines": [100, 101, 102], "summary": {"covered_lines": 3, "num_statements": 3, "percent_covered": 100.0, "percent_covered_display": "100", "missing_lines": 0, "excluded_lines": 0, "percent_statements_covered": 100.0, "percent_statements_covered_display": "100"}, "missing_lines": [], "excluded_lines": [], "start_line": 99}, "TestBugCondition2_FirstLoginBypass.test_bug2_login_with_arbitrary_password_when_hash_empty_returns_401": {"executed_lines": [109, 114], "summary": {"covered_lines": 2, "num_statements": 2, "percent_covered": 100.0, "percent_covered_display": "100", "missing_lines": 0, "excluded_lines": 0, "percent_statements_covered": 100.0, "percent_statements_covered_display": "100"}, "missing_lines": [], "excluded_lines": [], "start_line": 104}, "TestBugCondition2_FirstLoginBypass.test_bug2_login_with_empty_password_when_hash_empty_returns_401": {"executed_lines": [127, 132], "summary": {"covered_lines": 2, "num_statements": 2, "percent_covered": 100.0, "percent_covered_display": "100", "missing_lines": 0, "excluded_lines": 0, "percent_statements_covered": 100.0, "percent_statements_covered_display": "100"}, "missing_lines": [], "excluded_lines": [], "start_line": 122}, "TestBugCondition2_FirstLoginBypass.test_bug2_login_does_not_return_token_when_hash_empty": {"executed_lines": [145, 150], "summary": {"covered_lines": 2, "num_statements": 2, "percent_covered": 100.0, "percent_covered_display": "100", "missing_lines": 0, "excluded_lines": 0, "percent_statements_covered": 100.0, "percent_statements_covered_display": "100"}, "missing_lines": [], "excluded_lines": [], "start_line": 140}, "TestBugCondition3_PutMeIgnoresJsonBody.setUp": {"executed_lines": [173, 174, 175, 176], "summary": {"covered_lines": 4, "num_statements": 4, "percent_covered": 100.0, "percent_covered_display": "100", "missing_lines": 0, "excluded_lines": 0, "percent_statements_covered": 100.0, "percent_statements_covered_display": "100"}, "missing_lines": [], "excluded_lines": [], "start_line": 172}, "TestBugCondition3_PutMeIgnoresJsonBody.test_bug3_put_me_with_json_body_updates_name": {"executed_lines": [183, 184, 189, 195], "summary": {"covered_lines": 4, "num_statements": 4, "percent_covered": 100.0, "percent_covered_display": "100", "missing_lines": 0, "excluded_lines": 0, "percent_statements_covered": 100.0, "percent_statements_covered_display": "100"}, "missing_lines": [], "excluded_lines": [], "start_line": 178}, "TestBugCondition3_PutMeIgnoresJsonBody.test_bug3_put_me_json_body_persists_after_get": {"executed_lines": [208, 209, 214, 215, 217], "summary": {"covered_lines": 5, "num_statements": 5, "percent_covered": 100.0, "percent_covered_display": "100", "missing_lines": 0, "excluded_lines": 0, "percent_statements_covered": 100.0, "percent_statements_covered_display": "100"}, "missing_lines": [], "excluded_lines": [], "start_line": 203}, "TestPreservation_CorrectLogin.setUp": {"executed_lines": [250, 251, 252], "summary": {"covered_lines": 3, "num_statements": 3, "percent_covered": 100.0, "percent_covered_display": "100", "missing_lines": 0, "excluded_lines": 0, "percent_statements_covered": 100.0, "percent_statements_covered_display": "100"}, "missing_lines": [], "excluded_lines": [], "start_line": 249}, "TestPreservation_CorrectLogin.tearDown": {"executed_lines": [255], "summary": {"covered_lines": 1, "num_statements": 1, "percent_covered": 100.0, "percent_covered_display": "100", "missing_lines": 0, "excluded_lines": 0, "percent_statements_covered": 100.0, "percent_statements_covered_display": "100"}, "missing_lines": [], "excluded_lines": [], "start_line": 254}, "TestPreservation_CorrectLogin.test_preservation_login_with_correct_password_returns_200_preservation": {"executed_lines": [262, 266, 271, 273, 274, 279], "summary": {"covered_lines": 6, "num_statements": 6, "percent_covered": 100.0, "percent_covered_display": "100", "missing_lines": 0, "excluded_lines": 0, "percent_statements_covered": 100.0, "percent_statements_covered_display": "100"}, "missing_lines": [], "excluded_lines": [], "start_line": 257}, "TestPreservation_CorrectLogin.test_preservation_login_wrong_password_returns_401_preservation": {"executed_lines": [290, 294], "summary": {"covered_lines": 2, "num_statements": 2, "percent_covered": 100.0, "percent_covered_display": "100", "missing_lines": 0, "excluded_lines": 0, "percent_statements_covered": 100.0, "percent_statements_covered_display": "100"}, "missing_lines": [], "excluded_lines": [], "start_line": 285}, "TestPreservation_GetMe.setUp": {"executed_lines": [309, 310, 311, 312], "summary": {"covered_lines": 4, "num_statements": 4, "percent_covered": 100.0, "percent_covered_display": "100", "missing_lines": 0, "excluded_lines": 0, "percent_statements_covered": 100.0, "percent_statements_covered_display": "100"}, "missing_lines": [], "excluded_lines": [], "start_line": 308}, "TestPreservation_GetMe.test_preservation_get_me_with_valid_token_returns_profile_preservation": {"executed_lines": [319, 320, 325, 326, 327, 332], "summary": {"covered_lines": 6, "num_statements": 6, "percent_covered": 100.0, "percent_covered_display": "100", "missing_lines": 0, "excluded_lines": 0, "percent_statements_covered": 100.0, "percent_statements_covered_display": "100"}, "missing_lines": [], "excluded_lines": [], "start_line": 314}, "TestPreservation_GetMe.test_preservation_get_me_without_token_returns_401_preservation": {"executed_lines": [338, 339], "summary": {"covered_lines": 2, "num_statements": 2, "percent_covered": 100.0, "percent_covered_display": "100", "missing_lines": 0, "excluded_lines": 0, "percent_statements_covered": 100.0, "percent_statements_covered_display": "100"}, "missing_lines": [], "excluded_lines": [], "start_line": 334}, "TestPreservation_OwnerProtectedEndpoints.setUp": {"executed_lines": [354, 355, 356], "summary": {"covered_lines": 3, "num_statements": 3, "percent_covered": 100.0, "percent_covered_display": "100", "missing_lines": 0, "excluded_lines": 0, "percent_statements_covered": 100.0, "percent_statements_covered_display": "100"}, "missing_lines": [], "excluded_lines": [], "start_line": 353}, "TestPreservation_OwnerProtectedEndpoints.test_preservation_owner_profile_without_token_returns_401_preservation": {"executed_lines": [363, 364], "summary": {"covered_lines": 2, "num_statements": 2, "percent_covered": 100.0, "percent_covered_display": "100", "missing_lines": 0, "excluded_lines": 0, "percent_statements_covered": 100.0, "percent_statements_covered_display": "100"}, "missing_lines": [], "excluded_lines": [], "start_line": 358}, "TestPreservation_OwnerProtectedEndpoints.test_preservation_owner_upcoming_bookings_without_token_returns_401_preservation": {"executed_lines": [375, 376], "summary": {"covered_lines": 2, "num_statements": 2, "percent_covered": 100.0, "percent_covered_display": "100", "missing_lines": 0, "excluded_lines": 0, "percent_statements_covered": 100.0, "percent_statements_covered_display": "100"}, "missing_lines": [], "excluded_lines": [], "start_line": 370}, "TestPreservation_PasswordHashing.test_preservation_verify_password_roundtrip_property_preservation": {"executed_lines": [402, 405, 409, 410, 411, 418], "summary": {"covered_lines": 6, "num_statements": 6, "percent_covered": 100.0, "percent_covered_display": "100", "missing_lines": 0, "excluded_lines": 0, "percent_statements_covered": 100.0, "percent_statements_covered_display": "100"}, "missing_lines": [], "excluded_lines": [], "start_line": 395}, "TestPreservation_PasswordHashing.test_preservation_verify_password_roundtrip_property_preservation._property": {"executed_lines": [412, 413, 414], "summary": {"covered_lines": 3, "num_statements": 3, "percent_covered": 100.0, "percent_covered_display": "100", "missing_lines": 0, "excluded_lines": 0, "percent_statements_covered": 100.0, "percent_statements_covered_display": "100"}, "missing_lines": [], "excluded_lines": [], "start_line": 411}, "TestPreservation_PasswordHashing.test_preservation_wrong_password_does_not_verify_preservation": {"executed_lines": [424, 426, 427], "summary": {"covered_lines": 3, "num_statements": 3, "percent_covered": 100.0, "percent_covered_display": "100", "missing_lines": 0, "excluded_lines": 0, "percent_statements_covered": 100.0, "percent_statements_covered_display": "100"}, "missing_lines": [], "excluded_lines": [], "start_line": 420}, "": {"executed_lines": [10, 11, 12, 14, 17, 18, 20, 21, 23, 24, 26, 41, 44, 64, 84, 99, 104, 122, 140, 158, 172, 178, 203, 225, 238, 239, 242, 249, 254, 257, 285, 301, 308, 314, 334, 346, 353, 358, 370, 383, 395, 420], "summary": {"covered_lines": 42, "num_statements": 43, "percent_covered": 97.67441860465117, "percent_covered_display": "98", "missing_lines": 1, "excluded_lines": 0, "percent_statements_covered": 97.67441860465117, "percent_statements_covered_display": "98"}, "missing_lines": [226], "excluded_lines": [], "start_line": 1}}, "classes": {"TestBugCondition1_EmptyPasswordHash": {"executed_lines": [42, 49, 51, 52, 53, 55, 57, 69, 70, 72, 73, 74, 77], "summary": {"covered_lines": 13, "num_statements": 13, "percent_covered": 100.0, "percent_covered_display": "100", "missing_lines": 0, "excluded_lines": 0, "percent_statements_covered": 100.0, "percent_statements_covered_display": "100"}, "missing_lines": [], "excluded_lines": [], "start_line": 26}, "TestBugCondition2_FirstLoginBypass": {"executed_lines": [100, 101, 102, 109, 114, 127, 132, 145, 150], "summary": {"covered_lines": 9, "num_statements": 9, "percent_covered": 100.0, "percent_covered_display": "100", "missing_lines": 0, "excluded_lines": 0, "percent_statements_covered": 100.0, "percent_statements_covered_display": "100"}, "missing_lines": [], "excluded_lines": [], "start_line": 84}, "TestBugCondition3_PutMeIgnoresJsonBody": {"executed_lines": [173, 174, 175, 176, 183, 184, 189, 195, 208, 209, 214, 215, 217], "summary": {"covered_lines": 13, "num_statements": 13, "percent_covered": 100.0, "percent_covered_display": "100", "missing_lines": 0, "excluded_lines": 0, "percent_statements_covered": 100.0, "percent_statements_covered_display": "100"}, "missing_lines": [], "excluded_lines": [], "start_line": 158}, "TestPreservation_CorrectLogin": {"executed_lines": [250, 251, 252, 255, 262, 266, 271, 273, 274, 279, 290, 294], "summary": {"covered_lines": 12, "num_statements": 12, "percent_covered": 100.0, "percent_covered_display": "100", "missing_lines": 0, "excluded_lines": 0, "percent_statements_covered": 100.0, "percent_statements_covered_display": "100"}, "missing_lines": [], "excluded_lines": [], "start_line": 242}, "TestPreservation_GetMe": {"executed_lines": [309, 310, 311, 312, 319, 320, 325, 326, 327, 332, 338, 339], "summary": {"covered_lines": 12, "num_statements": 12, "percent_covered": 100.0, "percent_covered_display": "100", "missing_lines": 0, "excluded_lines": 0, "percent_statements_covered": 100.0, "percent_statements_covered_display": "100"}, "missing_lines": [], "excluded_lines": [], "start_line": 301}, "TestPreservation_OwnerProtectedEndpoints": {"executed_lines": [354, 355, 356, 363, 364, 375, 376], "summary": {"covered_lines": 7, "num_statements": 7, "percent_covered": 100.0, "percent_covered_display": "100", "missing_lines": 0, "excluded_lines": 0, "percent_statements_covered": 100.0, "percent_statements_covered_display": "100"}, "missing_lines": [], "excluded_lines": [], "start_line": 346}, "TestPreservation_PasswordHashing": {"executed_lines": [402, 405, 409, 410, 411, 412, 413, 414, 418, 424, 426, 427], "summary": {"covered_lines": 12, "num_statements": 12, "percent_covered": 100.0, "percent_covered_display": "100", "missing_lines": 0, "excluded_lines": 0, "percent_statements_covered": 100.0, "percent_statements_covered_display": "100"}, "missing_lines": [], "excluded_lines": [], "start_line": 383}, "": {"executed_lines": [10, 11, 12, 14, 17, 18, 20, 21, 23, 24, 26, 41, 44, 64, 84, 99, 104, 122, 140, 158, 172, 178, 203, 225, 238, 239, 242, 249, 254, 257, 285, 301, 308, 314, 334, 346, 353, 358, 370, 383, 395, 420], "summary": {"covered_lines": 42, "num_statements": 43, "percent_covered": 97.67441860465117, "percent_covered_display": "98", "missing_lines": 1, "excluded_lines": 0, "percent_statements_covered": 97.67441860465117, "percent_statements_covered_display": "98"}, "missing_lines": [226], "excluded_lines": [], "start_line": 1}}}, "tests/test_auth_improvements.py": {"executed_lines": [7, 8, 9, 11, 13, 14, 15, 16, 18, 19, 24, 27, 28, 29, 30, 32, 33, 35, 37, 40, 41, 43, 45, 48, 49, 50, 51, 53, 55, 58, 61, 62, 64, 65, 66, 68, 71, 72, 73, 74, 76, 78, 79, 80, 82, 84, 87, 88, 90, 91, 96, 99, 100, 101, 102, 104, 106, 107, 110, 113, 115, 117, 118, 119, 124, 127, 128, 129, 130, 132, 133, 139, 141, 142, 144, 145, 147, 148, 150, 151, 153, 154, 156, 157, 159, 160, 163, 166, 167, 168, 169, 171, 172, 178, 180, 181, 183, 184, 186, 187, 189, 190, 192, 193, 196, 199, 200, 201, 202, 204, 205, 211, 213, 214, 216, 217, 219, 220, 222, 223, 225, 226, 228, 229, 232], "summary": {"covered_lines": 125, "num_statements": 126, "percent_covered": 99.2063492063492, "percent_covered_display": "99", "missing_lines": 1, "excluded_lines": 0, "percent_statements_covered": 99.2063492063492, "percent_statements_covered_display": "99"}, "missing_lines": [233], "excluded_lines": [], "functions": {"TestCookieAuth.setUp": {"executed_lines": [28, 29, 30], "summary": {"covered_lines": 3, "num_statements": 3, "percent_covered": 100.0, "percent_covered_display": "100", "missing_lines": 0, "excluded_lines": 0, "percent_statements_covered": 100.0, "percent_statements_covered_display": "100"}, "missing_lines": [], "excluded_lines": [], "start_line": 27}, "TestCookieAuth.tearDown": {"executed_lines": [33], "summary": {"covered_lines": 1, "num_statements": 1, "percent_covered": 100.0, "percent_covered_display": "100", "missing_lines": 0, "excluded_lines": 0, "percent_statements_covered": 100.0, "percent_statements_covered_display": "100"}, "missing_lines": [], "excluded_lines": [], "start_line": 32}, "TestCookieAuth.test_login_sets_auth_cookie": {"executed_lines": [37, 40, 41], "summary": {"covered_lines": 3, "num_statements": 3, "percent_covered": 100.0, "percent_covered_display": "100", "missing_lines": 0, "excluded_lines": 0, "percent_statements_covered": 100.0, "percent_statements_covered_display": "100"}, "missing_lines": [], "excluded_lines": [], "start_line": 35}, "TestCookieAuth.test_login_returns_user_profile_not_token": {"executed_lines": [45, 48, 49, 50, 51], "summary": {"covered_lines": 5, "num_statements": 5, "percent_covered": 100.0, "percent_covered_display": "100", "missing_lines": 0, "excluded_lines": 0, "percent_statements_covered": 100.0, "percent_statements_covered_display": "100"}, "missing_lines": [], "excluded_lines": [], "start_line": 43}, "TestCookieAuth.test_get_me_with_cookie": {"executed_lines": [55, 58, 61, 62, 64, 65, 66], "summary": {"covered_lines": 7, "num_statements": 7, "percent_covered": 100.0, "percent_covered_display": "100", "missing_lines": 0, "excluded_lines": 0, "percent_statements_covered": 100.0, "percent_statements_covered_display": "100"}, "missing_lines": [], "excluded_lines": [], "start_line": 53}, "TestCookieAuth.test_get_me_without_cookie_or_token_returns_401": {"executed_lines": [71, 72, 73, 74], "summary": {"covered_lines": 4, "num_statements": 4, "percent_covered": 100.0, "percent_covered_display": "100", "missing_lines": 0, "excluded_lines": 0, "percent_statements_covered": 100.0, "percent_statements_covered_display": "100"}, "missing_lines": [], "excluded_lines": [], "start_line": 68}, "TestCookieAuth.test_get_me_with_bearer_token_still_works": {"executed_lines": [78, 79, 80], "summary": {"covered_lines": 3, "num_statements": 3, "percent_covered": 100.0, "percent_covered_display": "100", "missing_lines": 0, "excluded_lines": 0, "percent_statements_covered": 100.0, "percent_statements_covered_display": "100"}, "missing_lines": [], "excluded_lines": [], "start_line": 76}, "TestCookieAuth.test_logout_clears_cookie": {"executed_lines": [84, 87, 88, 90, 91], "summary": {"covered_lines": 5, "num_statements": 5, "percent_covered": 100.0, "percent_covered_display": "100", "missing_lines": 0, "excluded_lines": 0, "percent_statements_covered": 100.0, "percent_statements_covered_display": "100"}, "missing_lines": [], "excluded_lines": [], "start_line": 82}, "TestRateLimiting.setUp": {"executed_lines": [100, 101, 102], "summary": {"covered_lines": 3, "num_statements": 3, "percent_covered": 100.0, "percent_covered_display": "100", "missing_lines": 0, "excluded_lines": 0, "percent_statements_covered": 100.0, "percent_statements_covered_display": "100"}, "missing_lines": [], "excluded_lines": [], "start_line": 99}, "TestRateLimiting.test_login_rate_limit_triggers_429": {"executed_lines": [106, 107, 110, 113], "summary": {"covered_lines": 4, "num_statements": 4, "percent_covered": 100.0, "percent_covered_display": "100", "missing_lines": 0, "excluded_lines": 0, "percent_statements_covered": 100.0, "percent_statements_covered_display": "100"}, "missing_lines": [], "excluded_lines": [], "start_line": 104}, "TestRateLimiting.test_other_endpoints_not_rate_limited": {"executed_lines": [117, 118, 119], "summary": {"covered_lines": 3, "num_statements": 3, "percent_covered": 100.0, "percent_covered_display": "100", "missing_lines": 0, "excluded_lines": 0, "percent_statements_covered": 100.0, "percent_statements_covered_display": "100"}, "missing_lines": [], "excluded_lines": [], "start_line": 115}, "TestPasswordValidation.setUp": {"executed_lines": [128, 129, 130], "summary": {"covered_lines": 3, "num_statements": 3, "percent_covered": 100.0, "percent_covered_display": "100", "missing_lines": 0, "excluded_lines": 0, "percent_statements_covered": 100.0, "percent_statements_covered_display": "100"}, "missing_lines": [], "excluded_lines": [], "start_line": 127}, "TestPasswordValidation._register": {"executed_lines": [133, 139], "summary": {"covered_lines": 2, "num_statements": 2, "percent_covered": 100.0, "percent_covered_display": "100", "missing_lines": 0, "excluded_lines": 0, "percent_statements_covered": 100.0, "percent_statements_covered_display": "100"}, "missing_lines": [], "excluded_lines": [], "start_line": 132}, "TestPasswordValidation.test_valid_password_accepted": {"executed_lines": [142], "summary": {"covered_lines": 1, "num_statements": 1, "percent_covered": 100.0, "percent_covered_display": "100", "missing_lines": 0, "excluded_lines": 0, "percent_statements_covered": 100.0, "percent_statements_covered_display": "100"}, "missing_lines": [], "excluded_lines": [], "start_line": 141}, "TestPasswordValidation.test_password_too_short_rejected": {"executed_lines": [145], "summary": {"covered_lines": 1, "num_statements": 1, "percent_covered": 100.0, "percent_covered_display": "100", "missing_lines": 0, "excluded_lines": 0, "percent_statements_covered": 100.0, "percent_statements_covered_display": "100"}, "missing_lines": [], "excluded_lines": [], "start_line": 144}, "TestPasswordValidation.test_password_no_uppercase_rejected": {"executed_lines": [148], "summary": {"covered_lines": 1, "num_statements": 1, "percent_covered": 100.0, "percent_covered_display": "100", "missing_lines": 0, "excluded_lines": 0, "percent_statements_covered": 100.0, "percent_statements_covered_display": "100"}, "missing_lines": [], "excluded_lines": [], "start_line": 147}, "TestPasswordValidation.test_password_no_lowercase_rejected": {"executed_lines": [151], "summary": {"covered_lines": 1, "num_statements": 1, "percent_covered": 100.0, "percent_covered_display": "100", "missing_lines": 0, "excluded_lines": 0, "percent_statements_covered": 100.0, "percent_statements_covered_display": "100"}, "missing_lines": [], "excluded_lines": [], "start_line": 150}, "TestPasswordValidation.test_password_no_digit_rejected": {"executed_lines": [154], "summary": {"covered_lines": 1, "num_statements": 1, "percent_covered": 100.0, "percent_covered_display": "100", "missing_lines": 0, "excluded_lines": 0, "percent_statements_covered": 100.0, "percent_statements_covered_display": "100"}, "missing_lines": [], "excluded_lines": [], "start_line": 153}, "TestPasswordValidation.test_password_exactly_8_chars_valid": {"executed_lines": [157], "summary": {"covered_lines": 1, "num_statements": 1, "percent_covered": 100.0, "percent_covered_display": "100", "missing_lines": 0, "excluded_lines": 0, "percent_statements_covered": 100.0, "percent_statements_covered_display": "100"}, "missing_lines": [], "excluded_lines": [], "start_line": 156}, "TestPasswordValidation.test_password_7_chars_rejected": {"executed_lines": [160], "summary": {"covered_lines": 1, "num_statements": 1, "percent_covered": 100.0, "percent_covered_display": "100", "missing_lines": 0, "excluded_lines": 0, "percent_statements_covered": 100.0, "percent_statements_covered_display": "100"}, "missing_lines": [], "excluded_lines": [], "start_line": 159}, "TestEmailValidation.setUp": {"executed_lines": [167, 168, 169], "summary": {"covered_lines": 3, "num_statements": 3, "percent_covered": 100.0, "percent_covered_display": "100", "missing_lines": 0, "excluded_lines": 0, "percent_statements_covered": 100.0, "percent_statements_covered_display": "100"}, "missing_lines": [], "excluded_lines": [], "start_line": 166}, "TestEmailValidation._register": {"executed_lines": [172, 178], "summary": {"covered_lines": 2, "num_statements": 2, "percent_covered": 100.0, "percent_covered_display": "100", "missing_lines": 0, "excluded_lines": 0, "percent_statements_covered": 100.0, "percent_statements_covered_display": "100"}, "missing_lines": [], "excluded_lines": [], "start_line": 171}, "TestEmailValidation.test_valid_email_accepted": {"executed_lines": [181], "summary": {"covered_lines": 1, "num_statements": 1, "percent_covered": 100.0, "percent_covered_display": "100", "missing_lines": 0, "excluded_lines": 0, "percent_statements_covered": 100.0, "percent_statements_covered_display": "100"}, "missing_lines": [], "excluded_lines": [], "start_line": 180}, "TestEmailValidation.test_email_without_at_rejected": {"executed_lines": [184], "summary": {"covered_lines": 1, "num_statements": 1, "percent_covered": 100.0, "percent_covered_display": "100", "missing_lines": 0, "excluded_lines": 0, "percent_statements_covered": 100.0, "percent_statements_covered_display": "100"}, "missing_lines": [], "excluded_lines": [], "start_line": 183}, "TestEmailValidation.test_email_without_domain_rejected": {"executed_lines": [187], "summary": {"covered_lines": 1, "num_statements": 1, "percent_covered": 100.0, "percent_covered_display": "100", "missing_lines": 0, "excluded_lines": 0, "percent_statements_covered": 100.0, "percent_statements_covered_display": "100"}, "missing_lines": [], "excluded_lines": [], "start_line": 186}, "TestEmailValidation.test_email_without_tld_rejected": {"executed_lines": [190], "summary": {"covered_lines": 1, "num_statements": 1, "percent_covered": 100.0, "percent_covered_display": "100", "missing_lines": 0, "excluded_lines": 0, "percent_statements_covered": 100.0, "percent_statements_covered_display": "100"}, "missing_lines": [], "excluded_lines": [], "start_line": 189}, "TestEmailValidation.test_empty_email_rejected": {"executed_lines": [193], "summary": {"covered_lines": 1, "num_statements": 1, "percent_covered": 100.0, "percent_covered_display": "100", "missing_lines": 0, "excluded_lines": 0, "percent_statements_covered": 100.0, "percent_statements_covered_display": "100"}, "missing_lines": [], "excluded_lines": [], "start_line": 192}, "TestUsernameValidation.setUp": {"executed_lines": [200, 201, 202], "summary": {"covered_lines": 3, "num_statements": 3, "percent_covered": 100.0, "percent_covered_display": "100", "missing_lines": 0, "excluded_lines": 0, "percent_statements_covered": 100.0, "percent_statements_covered_display": "100"}, "missing_lines": [], "excluded_lines": [], "start_line": 199}, "TestUsernameValidation._register": {"executed_lines": [205, 211], "summary": {"covered_lines": 2, "num_statements": 2, "percent_covered": 100.0, "percent_covered_display": "100", "missing_lines": 0, "excluded_lines": 0, "percent_statements_covered": 100.0, "percent_statements_covered_display": "100"}, "missing_lines": [], "excluded_lines": [], "start_line": 204}, "TestUsernameValidation.test_valid_username_accepted": {"executed_lines": [214], "summary": {"covered_lines": 1, "num_statements": 1, "percent_covered": 100.0, "percent_covered_display": "100", "missing_lines": 0, "excluded_lines": 0, "percent_statements_covered": 100.0, "percent_statements_covered_display": "100"}, "missing_lines": [], "excluded_lines": [], "start_line": 213}, "TestUsernameValidation.test_username_too_short_rejected": {"executed_lines": [217], "summary": {"covered_lines": 1, "num_statements": 1, "percent_covered": 100.0, "percent_covered_display": "100", "missing_lines": 0, "excluded_lines": 0, "percent_statements_covered": 100.0, "percent_statements_covered_display": "100"}, "missing_lines": [], "excluded_lines": [], "start_line": 216}, "TestUsernameValidation.test_username_with_spaces_rejected": {"executed_lines": [220], "summary": {"covered_lines": 1, "num_statements": 1, "percent_covered": 100.0, "percent_covered_display": "100", "missing_lines": 0, "excluded_lines": 0, "percent_statements_covered": 100.0, "percent_statements_covered_display": "100"}, "missing_lines": [], "excluded_lines": [], "start_line": 219}, "TestUsernameValidation.test_username_with_special_chars_rejected": {"executed_lines": [223], "summary": {"covered_lines": 1, "num_statements": 1, "percent_covered": 100.0, "percent_covered_display": "100", "missing_lines": 0, "excluded_lines": 0, "percent_statements_covered": 100.0, "percent_statements_covered_display": "100"}, "missing_lines": [], "excluded_lines": [], "start_line": 222}, "TestUsernameValidation.test_username_with_dash_accepted": {"executed_lines": [226], "summary": {"covered_lines": 1, "num_statements": 1, "percent_covered": 100.0, "percent_covered_display": "100", "missing_lines": 0, "excluded_lines": 0, "percent_statements_covered": 100.0, "percent_statements_covered_display": "100"}, "missing_lines": [], "excluded_lines": [], "start_line": 225}, "TestUsernameValidation.test_username_exactly_3_chars_accepted": {"executed_lines": [229], "summary": {"covered_lines": 1, "num_statements": 1, "percent_covered": 100.0, "percent_covered_display": "100", "missing_lines": 0, "excluded_lines": 0, "percent_statements_covered": 100.0, "percent_statements_covered_display": "100"}, "missing_lines": [], "excluded_lines": [], "start_line": 228}, "": {"executed_lines": [7, 8, 9, 11, 13, 14, 15, 16, 18, 19, 24, 27, 32, 35, 43, 53, 68, 76, 82, 96, 99, 104, 115, 124, 127, 132, 141, 144, 147, 150, 153, 156, 159, 163, 166, 171, 180, 183, 186, 189, 192, 196, 199, 204, 213, 216, 219, 222, 225, 228, 232], "summary": {"covered_lines": 51, "num_statements": 52, "percent_covered": 98.07692307692308, "percent_covered_display": "98", "missing_lines": 1, "excluded_lines": 0, "percent_statements_covered": 98.07692307692308, "percent_statements_covered_display": "98"}, "missing_lines": [233], "excluded_lines": [], "start_line": 1}}, "classes": {"TestCookieAuth": {"executed_lines": [28, 29, 30, 33, 37, 40, 41, 45, 48, 49, 50, 51, 55, 58, 61, 62, 64, 65, 66, 71, 72, 73, 74, 78, 79, 80, 84, 87, 88, 90, 91], "summary": {"covered_lines": 31, "num_statements": 31, "percent_covered": 100.0, "percent_covered_display": "100", "missing_lines": 0, "excluded_lines": 0, "percent_statements_covered": 100.0, "percent_statements_covered_display": "100"}, "missing_lines": [], "excluded_lines": [], "start_line": 24}, "TestRateLimiting": {"executed_lines": [100, 101, 102, 106, 107, 110, 113, 117, 118, 119], "summary": {"covered_lines": 10, "num_statements": 10, "percent_covered": 100.0, "percent_covered_display": "100", "missing_lines": 0, "excluded_lines": 0, "percent_statements_covered": 100.0, "percent_statements_covered_display": "100"}, "missing_lines": [], "excluded_lines": [], "start_line": 96}, "TestPasswordValidation": {"executed_lines": [128, 129, 130, 133, 139, 142, 145, 148, 151, 154, 157, 160], "summary": {"covered_lines": 12, "num_statements": 12, "percent_covered": 100.0, "percent_covered_display": "100", "missing_lines": 0, "excluded_lines": 0, "percent_statements_covered": 100.0, "percent_statements_covered_display": "100"}, "missing_lines": [], "excluded_lines": [], "start_line": 124}, "TestEmailValidation": {"executed_lines": [167, 168, 169, 172, 178, 181, 184, 187, 190, 193], "summary": {"covered_lines": 10, "num_statements": 10, "percent_covered": 100.0, "percent_covered_display": "100", "missing_lines": 0, "excluded_lines": 0, "percent_statements_covered": 100.0, "percent_statements_covered_display": "100"}, "missing_lines": [], "excluded_lines": [], "start_line": 163}, "TestUsernameValidation": {"executed_lines": [200, 201, 202, 205, 211, 214, 217, 220, 223, 226, 229], "summary": {"covered_lines": 11, "num_statements": 11, "percent_covered": 100.0, "percent_covered_display": "100", "missing_lines": 0, "excluded_lines": 0, "percent_statements_covered": 100.0, "percent_statements_covered_display": "100"}, "missing_lines": [], "excluded_lines": [], "start_line": 196}, "": {"executed_lines": [7, 8, 9, 11, 13, 14, 15, 16, 18, 19, 24, 27, 32, 35, 43, 53, 68, 76, 82, 96, 99, 104, 115, 124, 127, 132, 141, 144, 147, 150, 153, 156, 159, 163, 166, 171, 180, 183, 186, 189, 192, 196, 199, 204, 213, 216, 219, 222, 225, 228, 232], "summary": {"covered_lines": 51, "num_statements": 52, "percent_covered": 98.07692307692308, "percent_covered_display": "98", "missing_lines": 1, "excluded_lines": 0, "percent_statements_covered": 98.07692307692308, "percent_statements_covered_display": "98"}, "missing_lines": [233], "excluded_lines": [], "start_line": 1}}}, "tests/test_guest.py": {"executed_lines": [7, 8, 9, 10, 13, 15, 16, 17, 19, 22, 23, 26, 27, 28, 29, 30, 32, 33, 34, 35, 36, 38, 39, 40, 41, 42, 43, 44, 46, 47, 48, 49, 52, 53, 54, 55, 56, 58, 59, 60, 61, 62, 63, 64, 66, 67, 68, 69, 70, 72, 73, 74, 75, 77, 78, 79, 80, 81, 82, 83, 84, 86, 87, 88, 89, 90, 91, 92, 93, 95, 96, 97, 98, 99, 100, 101, 102, 104, 105, 106, 107, 109, 110, 111, 112, 113, 114, 115, 116, 117, 119, 120, 121, 122, 123, 124, 125, 126, 127, 130, 132, 133, 134, 135, 136, 137, 138, 139, 142, 143, 144, 145, 146, 148, 149, 155, 156, 157, 158, 159, 160, 161, 163, 164, 165, 171, 172, 173, 174, 176, 177, 183, 184, 186, 187, 193, 194, 196, 197, 198, 204, 205, 206, 207, 208, 211], "summary": {"covered_lines": 146, "num_statements": 148, "percent_covered": 98.64864864864865, "percent_covered_display": "99", "missing_lines": 2, "excluded_lines": 0, "percent_statements_covered": 98.64864864864865, "percent_statements_covered_display": "99"}, "missing_lines": [18, 212], "excluded_lines": [], "functions": {"next_weekend": {"executed_lines": [15, 16, 17, 19], "summary": {"covered_lines": 4, "num_statements": 5, "percent_covered": 80.0, "percent_covered_display": "80", "missing_lines": 1, "excluded_lines": 0, "pe
[...]
 "excluded_lines": [], "start_line": 1}}}, "tests/test_occupancy.py": {"executed_lines": [8, 9, 10, 13, 14, 15, 16, 17, 18, 20, 21, 27, 29, 30, 31, 33, 34, 35, 37, 39, 40, 43, 44, 45, 47, 49, 50, 52, 53, 55, 57, 58, 60, 61, 63, 65, 66, 67, 70, 71, 74, 75, 77, 78, 79, 80, 82, 83, 84, 86, 87, 88, 90, 91, 92, 94, 96, 97, 98, 99, 101, 102, 103, 105, 106, 107, 108, 111], "summary": {"covered_lines": 68, "num_statements": 69, "percent_covered": 98.55072463768116, "percent_covered_display": "99", "missing_lines": 1, "excluded_lines": 0, "percent_statements_covered": 98.55072463768116, "percent_statements_covered_display": "99"}, "missing_lines": [112], "excluded_lines": [], "functions": {"TestOccupancyRule.setUp": {"executed_lines": [15, 16, 17, 18], "summary": {"covered_lines": 4, "num_statements": 4, "percent_covered": 100.0, "percent_covered_display": "100", "missing_lines": 0, "excluded_lines": 0, "percent_statements_covered": 100.0, "percent_statements_covered_display": "100"}, "missing_lines": [], "excluded_lines": [], "start_line": 14}, "TestOccupancyRule._book": {"executed_lines": [21, 27], "summary": {"covered_lines": 2, "num_statements": 2, "percent_covered": 100.0, "percent_covered_display": "100", "missing_lines": 0, "excluded_lines": 0, "percent_statements_covered": 100.0, "percent_statements_covered_display": "100"}, "missing_lines": [], "excluded_lines": [], "start_line": 20}, "TestOccupancyRule.test_same_time_same_event_type_returns_409": {"executed_lines": [30, 31, 33, 34, 35], "summary": {"covered_lines": 5, "num_statements": 5, "percent_covered": 100.0, "percent_covered_display": "100", "missing_lines": 0, "excluded_lines": 0, "percent_statements_covered": 100.0, "percent_statements_covered_display": "100"}, "missing_lines": [], "excluded_lines": [], "start_line": 29}, "TestOccupancyRule.test_same_time_different_event_types_returns_409": {"executed_lines": [39, 40, 43, 44, 45], "summary": {"covered_lines": 5, "num_statements": 5, "percent_covered": 100.0, "percent_covered_display": "100", "missing_lines": 0, "excluded_lines": 0, "percent_statements_covered": 100.0, "percent_statements_covered_display": "100"}, "missing_lines": [], "excluded_lines": [], "start_line": 37}, "TestOccupancyRule.test_overlapping_intervals_returns_409": {"executed_lines": [49, 50, 52, 53], "summary": {"covered_lines": 4, "num_statements": 4, "percent_covered": 100.0, "percent_covered_display": "100", "missing_lines": 0, "excluded_lines": 0, "percent_statements_covered": 100.0, "percent_statements_covered_display": "100"}, "missing_lines": [], "excluded_lines": [], "start_line": 47}, "TestOccupancyRule.test_adjacent_slots_do_not_conflict": {"executed_lines": [57, 58, 60, 61], "summary": {"covered_lines": 4, "num_statements": 4, "percent_covered": 100.0, "percent_covered_display": "100", "missing_lines": 0, "excluded_lines": 0, "percent_statements_covered": 100.0, "percent_statements_covered_display": "100"}, "missing_lines": [], "excluded_lines": [], "start_line": 55}, "TestOccupancyRule.test_cancel_booking_frees_slot": {"executed_lines": [65, 66, 67, 70, 71, 74, 75], "summary": {"covered_lines": 7, "num_statements": 7, "percent_covered": 100.0, "percent_covered_display": "100", "missing_lines": 0, "excluded_lines": 0, "percent_statements_covered": 100.0, "percent_statements_covered_display": "100"}, "missing_lines": [], "excluded_lines": [], "start_line": 63}, "TestOccupancyRule.test_cancelled_booking_not_in_upcoming": {"executed_lines": [78, 79, 80, 82, 83, 84], "summary": {"covered_lines": 6, "num_statements": 6, "percent_covered": 100.0, "percent_covered_display": "100", "missing_lines": 0, "excluded_lines": 0, "percent_statements_covered": 100.0, "percent_statements_covered_display": "100"}, "missing_lines": [], "excluded_lines": [], "start_line": 77}, "TestOccupancyRule.test_conflict_response_contains_conflicting_id": {"executed_lines": [87, 88, 90, 91, 92], "summary": {"covered_lines": 5, "num_statements": 5, "percent_covered": 100.0, "percent_covered_display": "100", "missing_lines": 0, "excluded_lines": 0, "percent_statements_covered": 100.0, "percent_statements_covered_display": "100"}, "missing_lines": [], "excluded_lines": [], "start_line": 86}, "TestOccupancyRule.test_multiple_bookings_different_times_all_succeed": {"executed_lines": [96, 97, 98, 99], "summary": {"covered_lines": 4, "num_statements": 4, "percent_covered": 100.0, "percent_covered_display": "100", "missing_lines": 0, "excluded_lines": 0, "percent_statements_covered": 100.0, "percent_statements_covered_display": "100"}, "missing_lines": [], "excluded_lines": [], "start_line": 94}, "TestOccupancyRule.test_booked_slot_shows_booking_id_in_slots": {"executed_lines": [102, 103, 105, 106, 107, 108], "summary": {"covered_lines": 6, "num_statements": 6, "percent_covered": 100.0, "percent_covered_display": "100", "missing_lines": 0, "excluded_lines": 0, "percent_statements_covered": 100.0, "percent_statements_covered_display": "100"}, "missing_lines": [], "excluded_lines": [], "start_line": 101}, "": {"executed_lines": [8, 9, 10, 13, 14, 20, 29, 37, 47, 55, 63, 77, 86, 94, 101, 111], "summary": {"covered_lines": 16, "num_statements": 17, "percent_covered": 94.11764705882354, "percent_covered_display": "94", "missing_lines": 1, "excluded_lines": 0, "percent_statements_covered": 94.11764705882354, "percent_statements_covered_display": "94"}, "missing_lines": [112], "excluded_lines": [], "start_line": 1}}, "classes": {"TestOccupancyRule": {"executed_lines": [15, 16, 17, 18, 21, 27, 30, 31, 33, 34, 35, 39, 40, 43, 44, 45, 49, 50, 52, 53, 57, 58, 60, 61, 65, 66, 67, 70, 71, 74, 75, 78, 79, 80, 82, 83, 84, 87, 88, 90, 91, 92, 96, 97, 98, 99, 102, 103, 105, 106, 107, 108], "summary": {"covered_lines": 52, "num_statements": 52, "percent_covered": 100.0, "percent_covered_display": "100", "missing_lines": 0, "excluded_lines": 0, "percent_statements_covered": 100.0, "percent_statements_covered_display": "100"}, "missing_lines": [], "excluded_lines": [], "start_line": 13}, "": {"executed_lines": [8, 9, 10, 13, 14, 20, 29, 37, 47, 55, 63, 77, 86, 94, 101, 111], "summary": {"covered_lines": 16, "num_statements": 17, "percent_covered": 94.11764705882354, "percent_covered_display": "94", "missing_lines": 1, "excluded_lines": 0, "percent_statements_covered": 94.11764705882354, "percent_statements_covered_display": "94"}, "missing_lines": [112], "excluded_lines": [], "start_line": 1}}}, "tests/test_owner.py": {"executed_lines": [7, 8, 9, 12, 15, 16, 17, 18, 19, 20, 22, 23, 24, 25, 26, 27, 28, 30, 31, 32, 33, 34, 35, 38, 39, 40, 41, 42, 43, 45, 46, 52, 53, 54, 55, 56, 57, 59, 60, 61, 62, 63, 64, 66, 67, 73, 74, 76, 77, 83, 85, 86, 92, 93, 94, 96, 97, 98, 99, 100, 101, 103, 104, 105, 108, 109, 110, 111, 112, 113, 115, 116, 123, 124, 125, 126, 127, 128, 130, 131, 132, 133, 134, 135, 136, 137, 138, 140, 141, 142, 143, 144, 145, 146, 148, 149, 150, 151, 152, 153, 154, 155, 157, 159, 160, 161, 163, 164, 165, 166, 167, 173, 174, 175, 176, 177, 178, 180, 182, 183, 184, 185, 188, 192, 193, 194, 195, 196, 198, 205, 207, 208, 214, 216, 222, 223, 225, 227, 228, 230, 236, 238, 244, 245, 247, 249, 250, 252, 259, 265, 268], "summary": {"covered_lines": 151, "num_statements": 152, "percent_covered": 99.34210526315789, "percent_covered_display": "99", "missing_lines": 1, "excluded_lines": 0, "percent_statements_covered": 99.34210526315789, "percent_statements_covered_display": "99"}, "missing_lines": [269], "excluded_lines": [], "functions": {"TestOwnerProfile.setUp": {"executed_lines": [17, 18, 19, 20], "summary": {"covered_lines": 4, "num_statements": 4, "percent_covered": 100.0, "percent_covered_display": "100", "missing_lines": 0, "excluded_lines": 0, "percent_statements_covered": 100.0, "percent_statements_covered_display": "100"}, "missing_lines": [], "excluded_lines": [], "start_line": 16}, "TestOwnerProfile.test_get_profile_returns_owner": {"executed_lines": [23, 24, 25, 26, 27, 28], "summary": {"covered_lines": 6, "num_statements": 6, "percent_covered": 100.0, "percent_covered_display": "100", "missing_lines": 0, "excluded_lines": 0, "percent_statements_covered": 100.0, "percent_statements_covered_display": "100"}, "missing_lines": [], "excluded_lines": [], "start_line": 22}, "TestOwnerProfile.test_profile_has_working_hours": {"executed_lines": [31, 32, 33, 34, 35], "summary": {"covered_lines": 5, "num_statements": 5, "percent_covered": 100.0, "percent_covered_display": "100", "missing_lines": 0, "excluded_lines": 0, "percent_statements_covered": 100.0, "percent_statements_covered_display": "100"}, "missing_lines": [], "excluded_lines": [], "start_line": 30}, "TestOwnerEventTypes.setUp": {"executed_lines": [40, 41, 42, 43], "summary": {"covered_lines": 4, "num_statements": 4, "percent_covered": 100.0, "percent_covered_display": "100", "missing_lines": 0, "excluded_lines": 0, "percent_statements_covered": 100.0, "percent_statements_covered_display": "100"}, "missing_lines": [], "excluded_lines": [], "start_line": 39}, "TestOwnerEventTypes.test_create_event_type_success": {"executed_lines": [46, 52, 53, 54, 55, 56, 57], "summary": {"covered_lines": 7, "num_statements": 7, "percent_covered": 100.0, "percent_covered_display": "100", "missing_lines": 0, "excluded_lines": 0, "percent_statements_covered": 100.0, "percent_statements_covered_display": "100"}, "missing_lines": [], "excluded_lines": [], "start_line": 45}, "TestOwnerEventTypes.test_create_event_type_duplicate_id": {"executed_lines": [60, 61, 62, 63, 64], "summary": {"covered_lines": 5, "num_statements": 5, "percent_covered": 100.0, "percent_covered_display": "100", "missing_lines": 0, "excluded_lines": 0, "percent_statements_covered": 100.0, "percent_statements_covered_display": "100"}, "missing_lines": [], "excluded_lines": [], "start_line": 59}, "TestOwnerEventTypes.test_create_event_type_invalid_duration_not_multiple_of_15": {"executed_lines": [67, 73, 74], "summary": {"covered_lines": 3, "num_statements": 3, "percent_covered": 100.0, "percent_covered_display": "100", "missing_lines": 0, "excluded_lines": 0, "percent_statements_covered": 100.0, "percent_statements_covered_display": "100"}, "missing_lines": [], "excluded_lines": [], "start_line": 66}, "TestOwnerEventTypes.test_create_event_type_invalid_duration_zero": {"executed_lines": [77, 83], "summary": {"covered_lines": 2, "num_statements": 2, "percent_covered": 100.0, "percent_covered_display": "100", "missing_lines": 0, "excluded_lines": 0, "percent_statements_covered": 100.0, "percent_statements_covered_display": "100"}, "missing_lines": [], "excluded_lines": [], "start_line": 76}, "TestOwnerEventTypes.test_created_event_type_appears_in_public_list": {"executed_lines": [86, 92, 93, 94], "summary": {"covered_lines": 4, "num_statements": 4, "percent_covered": 100.0, "percent_covered_display": "100", "missing_lines": 0, "excluded_lines": 0, "percent_statements_covered": 100.0, "percent_statements_covered_display": "100"}, "missing_lines": [], "excluded_lines": [], "start_line": 85}, "TestOwnerEventTypes.test_delete_event_type": {"executed_lines": [97, 98, 99, 100, 101], "summary": {"covered_lines": 5, "num_statements": 5, "percent_covered": 100.0, "percent_covered_display": "100", "missing_lines": 0, "excluded_lines": 0, "percent_statements_covered": 100.0, "percent_statements_covered_display": "100"}, "missing_lines": [], "excluded_lines": [], "start_line": 96}, "TestOwnerEventTypes.test_delete_nonexistent_event_type": {"executed_lines": [104, 105], "summary": {"covered_lines": 2, "num_statements": 2, "percent_covered": 100.0, "percent_covered_display": "100", "missing_lines": 0, "excluded_lines": 0, "percent_statements_covered": 100.0, "percent_statements_covered_display": "100"}, "missing_lines": [], "excluded_lines": [], "start_line": 103}, "TestOwnerUpcomingBookings.setUp": {"executed_lines": [110, 111, 112, 113], "summary": {"covered_lines": 4, "num_statements": 4, "percent_covered": 100.0, "percent_covered_display": "100", "missing_lines": 0, "excluded_lines": 0, "percent_statements_covered": 100.0, "percent_statements_covered_display": "100"}, "missing_lines": [], "excluded_lines": [], "start_line": 109}, "TestOwnerUpcomingBookings._book": {"executed_lines": [116], "summary": {"covered_lines": 1, "num_statements": 1, "percent_covered": 100.0, "percent_covered_display": "100", "missing_lines": 0, "excluded_lines": 0, "percent_statements_covered": 100.0, "percent_statements_covered_display": "100"}, "missing_lines": [], "excluded_lines": [], "start_line": 115}, "TestOwnerUpcomingBookings.test_upcoming_bookings_empty_initially": {"executed_lines": [124, 125, 126, 127, 128], "summary": {"covered_lines": 5, "num_statements": 5, "percent_covered": 100.0, "percent_covered_display": "100", "missing_lines": 0, "excluded_lines": 0, "percent_statements_covered": 100.0, "percent_statements_covered_display": "100"}, "missing_lines": [], "excluded_lines": [], "start_line": 123}, "TestOwnerUpcomingBookings.test_upcoming_bookings_shows_all_event_types": {"executed_lines": [131, 132, 133, 134, 135, 136, 137, 138], "summary": {"covered_lines": 8, "num_statements": 8, "percent_covered": 100.0, "percent_covered_display": "100", "missing_lines": 0, "excluded_lines": 0, "percent_statements_covered": 100.0, "percent_statements_covered_display": "100"}, "missing_lines": [], "excluded_lines": [], "start_line": 130}, "TestOwnerUpcomingBookings.test_upcoming_bookings_sorted_by_start_time": {"executed_lines": [141, 142, 143, 144, 145, 146], "summary": {"covered_lines": 6, "num_statements": 6, "percent_covered": 100.0, "percent_covered_display": "100", "missing_lines": 0, "excluded_lines": 0, "percent_statements_covered": 100.0, "percent_statements_covered_display": "100"}, "missing_lines": [], "excluded_lines": [], "start_line": 140}, "TestOwnerUpcomingBookings.test_upcoming_bookings_pagination": {"executed_lines": [149, 150, 151, 152, 153, 154, 155], "summary": {"covered_lines": 7, "num_statements": 7, "percent_covered": 100.0, "percent_covered_display": "100", "missing_lines": 0, "excluded_lines": 0, "percent_statements_covered": 100.0, "percent_statements_covered_display": "100"}, "missing_lines": [], "excluded_lines": [], "start_line": 148}, "TestOwnerUpcomingBookings.test_ongoing_booking_included_with_flag": {"executed_lines": [159, 160, 161, 163, 164, 165, 166, 167, 173, 174, 175, 176, 177, 178], "summary": {"covered_lines": 14, "num_statements": 14, "percent_covered": 100.0, "percent_covered_display": "100", "missing_lines": 0, "excluded_lines": 0, "percent_statements_covered": 100.0, "percent_statements_covered_display": "100"}, "missing_lines": [], "excluded_lines": [], "start_line": 157}, "TestOwnerUpcomingBookings.test_future_booking_has_is_ongoing_false": {"executed_lines": [182, 183, 184, 185], "summary": {"covered_lines": 4, "num_statements": 4, "percent_covered": 100.0, "percent_covered_display": "100", "missing_lines": 0, "excluded_lines": 0, "percent_statements_covered": 100.0, "percent_statements_covered_display": "100"}, "missing_lines": [], "excluded_lines": [], "start_line": 180}, "TestCrossEventTypeConflict.setUp": {"executed_lines": [193, 194, 195, 196, 198], "summary": {"covered_lines": 5, "num_statements": 5, "percent_covered": 100.0, "percent_covered_display": "100", "missing_lines": 0, "excluded_lines": 0, "percent_statements_covered": 100.0, "percent_statements_covered_display": "100"}, "missing_lines": [], "excluded_lines": [], "start_line": 192}, "TestCrossEventTypeConflict.test_booking_new_event_type_conflicts_with_existing": {"executed_lines": [207, 208, 214, 216, 222, 223], "summary": {"covered_lines": 6, "num_statements": 6, "percent_covered": 100.0, "percent_covered_display": "100", "missing_lines": 0, "excluded_lines": 0, "percent_statements_covered": 100.0, "percent_statements_covered_display": "100"}, "missing_lines": [], "excluded_lines": [], "start_line": 205}, "TestCrossEventTypeConflict.test_booking_new_event_type_overlapping_interval": {"executed_lines": [227, 228, 230, 236, 238, 244, 245], "summary": {"covered_lines": 7, "num_statements": 7, "percent_covered": 100.0, "percent_covered_display": "100", "missing_lines": 0, "excluded_lines": 0, "percent_statements_covered": 100.0, "percent_statements_covered_display": "100"}, "missing_lines": [], "excluded_lines": [], "start_line": 225}, "TestCrossEventTypeConflict.test_booking_new_event_type_non_overlapping_succeeds": {"executed_lines": [249, 250, 252, 259, 265], "summary": {"covered_lines": 5, "num_statements": 5, "percent_covered": 100.0, "percent_covered_display": "100", "missing_lines": 0, "excluded_lines": 0, "percent_statements_covered": 100.0, "percent_statements_covered_display": "100"}, "missing_lines": [], "excluded_lines": [], "start_line": 247}, "": {"executed_lines": [7, 8, 9, 12, 15, 16, 22, 30, 38, 39, 45, 59, 66, 76, 85, 96, 103, 108, 109, 115, 123, 130, 140, 148, 157, 180, 188, 192, 205, 225, 247, 268], "summary": {"covered_lines": 32, "num_statements": 33, "percent_covered": 96.96969696969697, "percent_covered_display": "97", "missing_lines": 1, "excluded_lines": 0, "percent_statements_covered": 96.96969696969697, "percent_statements_covered_display": "97"}, "missing_lines": [269], "excluded_lines": [], "start_line": 1}}, "classes": {"TestOwnerProfile": {"executed_lines": [17, 18, 19, 20, 23, 24, 25, 26, 27, 28, 31, 32, 33, 34, 35], "summary": {"covered_lines": 15, "num_statements": 15, "percent_covered": 100.0, "percent_covered_display": "100", "missing_lines": 0, "excluded_lines": 0, "percent_statements_covered": 100.0, "percent_statements_covered_display": "100"}, "missing_lines": [], "excluded_lines": [], "start_line": 15}, "TestOwnerEventTypes": {"executed_lines": [40, 41, 42, 43, 46, 52, 53, 54, 55, 56, 57, 60, 61, 62, 63, 64, 67, 73, 74, 77, 83, 86, 92, 93, 94, 97, 98, 99, 100, 101, 104, 105], "summary": {"covered_lines": 32, "num_statements": 32, "percent_covered": 100.0, "percent_covered_display": "100", "missing_lines": 0, "excluded_lines": 0, "percent_statements_covered": 100.0, "percent_statements_covered_display": "100"}, "missing_lines": [], "excluded_lines": [], "start_line": 38}, "TestOwnerUpcomingBookings": {"executed_lines": [110, 111, 112, 113, 116, 124, 125, 126, 127, 128, 131, 132, 133, 134, 135, 136, 137, 138, 141, 142, 143, 144, 145, 146, 149, 150, 151, 152, 153, 154, 155, 159, 160, 161, 163, 164, 165, 166, 167, 173, 174, 175, 176, 177, 178, 182, 183, 184, 185], "summary": {"covered_lines": 49, "num_statements": 49, "percent_covered": 100.0, "percent_covered_display": "100", "missing_lines": 0, "excluded_lines": 0, "percent_statements_covered": 100.0, "percent_statements_covered_display": "100"}, "missing_lines": [], "excluded_lines": [], "start_line": 108}, "TestCrossEventTypeConflict": {"executed_lines": [193, 194, 195, 196, 198, 207, 208, 214, 216, 222, 223, 227, 228, 230, 236, 238, 244, 245, 249, 250, 252, 259, 265], "summary": {"covered_lines": 23, "num_statements": 23, "percent_covered": 100.0, "percent_covered_display": "100", "missing_lines": 0, "excluded_lines": 0, "percent_statements_covered": 100.0, "percent_statements_covered_display": "100"}, "missing_lines": [], "excluded_lines": [], "start_line": 188}, "": {"executed_lines": [7, 8, 9, 12, 15, 16, 22, 30, 38, 39, 45, 59, 66, 76, 85, 96, 103, 108, 109, 115, 123, 130, 140, 148, 157, 180, 188, 192, 205, 225, 247, 268], "summary": {"covered_lines": 32, "num_statements": 33, "percent_covered": 96.96969696969697, "percent_covered_display": "97", "missing_lines": 1, "excluded_lines": 0, "percent_statements_covered": 96.96969696969697, "percent_statements_covered_display": "97"}, "missing_lines": [269], "excluded_lines": [], "start_line": 1}}}}, "totals": {"covered_lines": 1162, "num_statements": 1236, "percent_covered": 94.01294498381877, "percent_covered_display": "94", "missing_lines": 74, "excluded_lines": 0, "percent_statements_covered": 94.01294498381877, "percent_statements_covered_display": "94"}}